2025-01-07 10:11:15,098 - Loading data from temp ... 
2025-01-07 10:11:15,108 - Dï¿½marrage de l'application Streamlit
2025-01-07 10:12:25,502 - Loading data from temp ... 
2025-01-07 10:12:25,514 - Stratï¿½gie non reconnue ou aucune entreprise sï¿½lectionnï¿½e.
2025-01-07 10:12:32,687 - Loading data from temp ... 
2025-01-07 10:12:32,839 - Lancement de la stratï¿½gie 'BuyAndHold' : ['AAPL'] | 1000 | 2023-01-01 00:00:00
2025-01-07 10:12:48,166 - Loading data from temp ... 
2025-01-07 10:12:48,215 - Lancement de la stratï¿½gie 'BuyAndHold' : ['AAPL'] | 1000 | 2023-01-01 00:00:00
2025-01-07 10:12:52,732 - Loading data from temp ... 
2025-01-07 10:12:52,736 - Lancement de la stratï¿½gie 'BuyAndHold' : ['AAPL'] | 1000 | 2023-01-01 00:00:002025-01-09 14:35:16,408 - Loading data from temp ... 
2025-01-09 14:35:16,432 - Lancement de la stratégie 'Momentum' : ['GOOGL', 'AMZN'] | 10000 | 2 | 30 | 90
2025-01-09 14:35:29,070 - Loading data from temp ... 
2025-01-09 14:35:31,942 - Loading data from temp ... 
2025-01-09 14:35:31,966 - Lancement de la stratégie 'BuyAndHold' : ['GOOGL'] | 1000 | 2023-01-01 00:00:00 | 2025-01-09 00:00:00
2025-01-09 14:35:32,242 - Loading data from temp ... 
2025-01-09 14:35:32,259 - Lancement de la stratégie 'BuyAndHold' : ['GOOGL', 'MSFT'] | 1000 | 2023-01-01 00:00:00 | 2025-01-09 00:00:00
2025-01-09 14:35:35,190 - Loading data from temp ... 
2025-01-09 14:35:35,222 - Lancement de la stratégie 'Momentum' : ['GOOGL', 'MSFT'] | 1000 | 2 | 30 | 90
2025-01-09 14:35:37,032 - Loading data from temp ... 
2025-01-09 14:35:37,059 - Lancement de la stratégie 'Momentum' : ['GOOGL', 'MSFT'] | 1000 | 2 | 30 | 90
2025-01-09 14:36:36,839 - Loading data from temp ... 
2025-01-09 14:36:36,879 - Lancement de la stratégie 'BuyAndHold' : ['GOOGL', 'MSFT'] | 1000 | 2023-01-01 00:00:00 | 2025-01-09 00:00:00
2025-01-09 14:36:38,484 - Loading data from temp ... 
2025-01-09 14:36:38,517 - Lancement de la stratégie 'BuyAndHold' : ['GOOGL', 'MSFT'] | 1000 | 2023-01-01 00:00:00 | 2025-01-09 00:00:00
2025-01-09 14:36:43,860 - Loading data from temp ... 
2025-01-09 14:36:43,884 - Lancement de la stratégie 'Momentum' : ['GOOGL', 'MSFT'] | 1000 | 2 | 30 | 90
2025-01-09 14:36:45,440 - Loading data from temp ... 
2025-01-09 14:36:45,472 - Lancement de la stratégie 'Momentum' : ['GOOGL', 'MSFT'] | 1000 | 2 | 30 | 90
2025-01-09 14:44:02,780 - Loading data from temp ... 
2025-01-09 14:44:02,805 - Lancement de la stratégie 'Momentum' : ['GOOGL', 'MSFT'] | 1000 | 2 | 30 | 90
2025-01-09 14:46:17,785 - Loading data from temp ... 
2025-01-09 14:46:17,801 - Lancement de la stratégie 'Momentum' : ['GOOGL', 'MSFT'] | 1000 | 2 | 30 | 90
2025-01-09 14:48:58,670 - Loading data from temp ... 
2025-01-09 14:48:58,695 - Lancement de la stratégie 'Momentum' : ['GOOGL', 'MSFT'] | 1000 | 2 | 30 | 90
2025-01-09 14:49:00,727 - Loading data from temp ... 
2025-01-09 14:49:00,752 - Lancement de la stratégie 'Momentum' : ['GOOGL', 'MSFT'] | 1000 | 2 | 30 | 90
2025-01-09 14:49:02,753 - Loading data from temp ... 
2025-01-09 14:49:02,777 - Lancement de la stratégie 'Momentum' : ['GOOGL', 'MSFT'] | 1000 | 2 | 30 | 90
2025-01-09 14:49:03,962 - Loading data from temp ... 
2025-01-09 14:49:03,988 - Lancement de la stratégie 'Momentum' : ['GOOGL', 'MSFT'] | 1000 | 2 | 30 | 90
2025-01-09 14:52:44,245 - Loading data from temp ... 
2025-01-09 14:52:44,262 - Lancement de la stratégie 'Momentum' : ['GOOGL', 'MSFT'] | 1000 | 2 | 30 | 90
2025-01-09 14:57:20,315 - Loading data from temp ... 
2025-01-09 14:57:22,481 - Loading data from temp ... 
2025-01-09 14:57:25,213 - Loading data from temp ... 
2025-01-09 14:57:25,229 - Lancement de la stratégie 'Momentum' : ['AAPL'] | 1000 | 1 | 60 | 365
2025-01-09 14:57:25,843 - Loading data from temp ... 
2025-01-09 14:57:25,867 - Lancement de la stratégie 'Momentum' : ['AAPL', 'GOOGL'] | 1000 | 2 | 60 | 365
2025-01-09 14:57:26,970 - Loading data from temp ... 
2025-01-09 14:57:26,994 - Lancement de la stratégie 'Momentum' : ['AAPL', 'GOOGL', 'TSLA'] | 1000 | 3 | 60 | 365
2025-01-09 14:57:27,405 - Loading data from temp ... 
2025-01-09 14:57:27,429 - Lancement de la stratégie 'Momentum' : ['AAPL', 'GOOGL', 'TSLA', 'HO.PA'] | 1000 | 3 | 60 | 365
2025-01-09 14:57:29,561 - Loading data from temp ... 
2025-01-09 14:57:29,577 - Lancement de la stratégie 'Momentum' : ['AAPL', 'GOOGL', 'TSLA', 'HO.PA'] | 1000 | 3 | 60 | 365
2025-01-09 14:58:43,800 - Loading data from temp ... 
2025-01-09 14:58:43,824 - Lancement de la stratégie 'Momentum' : ['AAPL', 'GOOGL', 'TSLA', 'HO.PA'] | 1000 | 3 | 60 | 365
2025-01-09 14:58:45,894 - Loading data from temp ... 
2025-01-09 14:58:45,926 - Lancement de la stratégie 'Momentum' : ['AAPL', 'GOOGL', 'TSLA', 'HO.PA'] | 1000 | 3 | 60 | 365
2025-01-09 14:58:58,828 - Loading data from temp ... 
2025-01-09 14:58:58,853 - Lancement de la stratégie 'Momentum' : ['AAPL', 'GOOGL', 'TSLA', 'HO.PA'] | 1000 | 3 | 30 | 365
2025-01-09 14:58:59,001 - Loading data from temp ... 
2025-01-09 14:58:59,042 - Lancement de la stratégie 'Momentum' : ['AAPL', 'GOOGL', 'TSLA', 'HO.PA'] | 1000 | 3 | 30 | 365
2025-01-09 15:00:32,301 - Loading data from temp ... 
2025-01-09 15:00:32,325 - Lancement de la stratégie 'Momentum' : ['AAPL', 'GOOGL', 'TSLA', 'HO.PA'] | 1000 | 3 | 30 | 365
2025-01-09 15:00:53,575 - Loading data from temp ... 
2025-01-09 15:00:53,608 - Lancement de la stratégie 'Momentum' : ['AAPL', 'GOOGL', 'TSLA', 'HO.PA'] | 1000 | 3 | 30 | 365
2025-01-09 15:01:03,242 - Loading data from temp ... 
2025-01-09 15:01:03,266 - Lancement de la stratégie 'Momentum' : ['AAPL', 'GOOGL', 'TSLA', 'HO.PA'] | 1000 | 3 | 30 | 365
2025-01-09 15:01:11,033 - Loading data from temp ... 
2025-01-09 15:01:11,065 - Lancement de la stratégie 'BuyAndHold' : ['AAPL', 'GOOGL', 'TSLA', 'HO.PA'] | 1000 | 2024-10-05 00:00:00 | 2025-01-09 00:00:00
2025-01-09 15:01:12,698 - Loading data from temp ... 
2025-01-09 15:01:12,714 - Lancement de la stratégie 'BuyAndHold' : ['AAPL', 'GOOGL', 'TSLA', 'HO.PA'] | 1000 | 2024-10-05 00:00:00 | 2025-01-09 00:00:00
2025-01-09 15:04:10,726 - Loading data from temp ... 
2025-01-09 15:05:06,072 - Loading data from temp ... 
2025-01-09 15:05:08,344 - Loading data from temp ... 
2025-01-09 15:05:10,873 - Loading data from temp ... 
2025-01-09 15:05:10,898 - Lancement de la stratégie 'Momentum' : ['AAPL'] | 1000 | 1 | 60 | 365
2025-01-09 15:05:11,321 - Loading data from temp ... 
2025-01-09 15:05:11,345 - Lancement de la stratégie 'Momentum' : ['AAPL', 'GOOGL'] | 1000 | 2 | 60 | 365
2025-01-09 15:05:11,632 - Loading data from temp ... 
2025-01-09 15:05:11,664 - Lancement de la stratégie 'Momentum' : ['AAPL', 'GOOGL', 'MSFT'] | 1000 | 3 | 60 | 365
2025-01-09 15:05:12,052 - Loading data from temp ... 
2025-01-09 15:05:12,076 - Lancement de la stratégie 'Momentum' : ['AAPL', 'GOOGL', 'MSFT', 'AMZN'] | 1000 | 3 | 60 | 365
2025-01-09 15:05:14,217 - Loading data from temp ... 
2025-01-09 15:05:14,241 - Lancement de la stratégie 'Momentum' : ['AAPL', 'GOOGL', 'MSFT', 'AMZN'] | 1000 | 3 | 60 | 365
2025-01-09 15:06:50,169 - Loading data from temp ... 
2025-01-09 15:06:50,193 - Lancement de la stratégie 'Momentum' : ['AAPL', 'MSFT', 'AMZN'] | 1000 | 3 | 60 | 365
2025-01-09 15:07:01,303 - Loading data from temp ... 
2025-01-09 15:07:01,327 - Lancement de la stratégie 'Momentum' : ['AAPL', 'GOOGL', 'MSFT', 'AMZN'] | 1000 | 3 | 60 | 365
2025-01-09 15:07:06,500 - Loading data from temp ... 
2025-01-09 15:07:06,524 - Lancement de la stratégie 'Momentum' : ['AAPL', 'GOOGL', 'MSFT', 'AMZN'] | 1000 | 2 | 60 | 365
2025-01-09 15:07:17,740 - Loading data from temp ... 
2025-01-09 15:07:17,765 - Lancement de la stratégie 'Momentum' : ['AAPL', 'GOOGL', 'MSFT', 'AMZN'] | 1000 | 2 | 60 | 365
2025-01-09 15:07:19,617 - Loading data from temp ... 
2025-01-09 15:07:19,642 - Lancement de la stratégie 'Momentum' : ['AAPL', 'GOOGL', 'MSFT', 'AMZN'] | 1000 | 2 | 60 | 365
2025-01-09 15:07:23,105 - Loading data from temp ... 
2025-01-09 15:07:23,130 - Lancement de la stratégie 'Momentum' : ['AAPL', 'GOOGL', 'MSFT', 'AMZN'] | 1000 | 2 | 60 | 365
2025-01-09 15:07:25,230 - Loading data from temp ... 
2025-01-09 15:07:25,255 - Lancement de la stratégie 'Momentum' : ['AAPL', 'GOOGL', 'MSFT', 'AMZN'] | 1000 | 2 | 60 | 365
2025-01-09 15:07:26,852 - Loading data from temp ... 
2025-01-09 15:07:26,877 - Lancement de la stratégie 'Momentum' : ['AAPL', 'GOOGL', 'MSFT', 'AMZN'] | 1000 | 2 | 60 | 365
2025-01-09 15:12:16,612 - Loading data from temp ... 
2025-01-09 15:12:16,636 - Lancement de la stratégie 'Momentum' : ['AAPL', 'GOOGL', 'MSFT', 'AMZN'] | 1000 | 2 | 60 | 365
2025-01-09 15:12:19,899 - Loading data from temp ... 
2025-01-09 15:12:22,350 - Loading data from temp ... 
2025-01-09 15:12:24,456 - Loading data from temp ... 
2025-01-09 15:12:24,479 - Lancement de la stratégie 'Momentum' : ['GOOGL'] | 1000 | 1 | 60 | 365
2025-01-09 15:12:24,667 - Loading data from temp ... 
2025-01-09 15:12:24,692 - Lancement de la stratégie 'Momentum' : ['GOOGL', 'MSFT'] | 1000 | 2 | 60 | 365
2025-01-09 15:12:24,873 - Loading data from temp ... 
2025-01-09 15:12:24,890 - Lancement de la stratégie 'Momentum' : ['GOOGL', 'MSFT', 'AMZN'] | 1000 | 3 | 60 | 365
2025-01-09 15:12:26,667 - Loading data from temp ... 
2025-01-09 15:12:26,691 - Lancement de la stratégie 'Momentum' : ['GOOGL', 'MSFT', 'AMZN', 'META'] | 1000 | 3 | 60 | 365
2025-01-09 15:12:28,327 - Loading data from temp ... 
2025-01-09 15:12:28,352 - Lancement de la stratégie 'Momentum' : ['GOOGL', 'MSFT', 'AMZN', 'META'] | 1000 | 3 | 60 | 365
2025-01-09 15:12:52,312 - Loading data from temp ... 
2025-01-09 15:12:52,336 - Lancement de la stratégie 'BuyAndHold' : ['GOOGL', 'MSFT', 'AMZN', 'META'] | 1000 | 2023-01-01 00:00:00 | 2025-01-09 00:00:00
2025-01-09 15:12:54,669 - Loading data from temp ... 
2025-01-09 15:12:54,713 - Lancement de la stratégie 'BuyAndHold' : ['GOOGL', 'MSFT', 'AMZN', 'META'] | 1000 | 2023-01-01 00:00:00 | 2025-01-09 00:00:00
2025-01-09 15:15:54,365 - Loading data from temp ... 
2025-01-09 15:15:58,471 - Loading data from temp ... 
2025-01-09 15:15:58,503 - Lancement de la stratégie 'BuyAndHold' : ['GOOGL'] | 1000 | 2023-01-01 00:00:00 | 2025-01-09 00:00:00
2025-01-09 15:15:58,686 - Loading data from temp ... 
2025-01-09 15:15:58,711 - Lancement de la stratégie 'BuyAndHold' : ['GOOGL', 'MSFT'] | 1000 | 2023-01-01 00:00:00 | 2025-01-09 00:00:00
2025-01-09 15:16:00,715 - Loading data from temp ... 
2025-01-09 15:16:00,740 - Lancement de la stratégie 'BuyAndHold' : ['GOOGL', 'MSFT'] | 1000 | 2023-01-01 00:00:00 | 2025-01-09 00:00:00
2025-01-09 15:16:09,357 - Loading data from temp ... 
2025-01-09 15:16:09,397 - Lancement de la stratégie 'Momentum' : ['GOOGL', 'MSFT'] | 1000 | 2 | 60 | 365
2025-01-09 15:16:17,634 - Loading data from temp ... 
2025-01-09 15:16:17,658 - Lancement de la stratégie 'Momentum' : ['GOOGL', 'MSFT'] | 1000 | 2 | 60 | 365
2025-01-09 15:16:23,040 - Loading data from temp ... 
2025-01-09 15:16:23,072 - Lancement de la stratégie 'Momentum' : ['GOOGL', 'MSFT'] | 1000 | 2 | 60 | 365
2025-01-09 15:16:25,232 - Loading data from temp ... 
2025-01-09 15:16:25,257 - Lancement de la stratégie 'Momentum' : ['GOOGL', 'MSFT'] | 1000 | 2 | 60 | 365
2025-01-09 15:23:25,442 - Loading data from temp ... 
2025-01-09 15:23:25,467 - Lancement de la stratégie 'Momentum' : ['GOOGL', 'MSFT'] | 1000 | 2 | 60 | 365
2025-01-09 15:25:23,656 - Loading data from temp ... 
2025-01-09 15:25:23,680 - Lancement de la stratégie 'Momentum' : ['GOOGL', 'MSFT'] | 1000 | 2 | 60 | 365
2025-01-09 15:26:20,442 - Loading data from temp ... 
2025-01-09 15:26:22,983 - Loading data from temp ... 
2025-01-09 15:26:25,045 - Loading data from temp ... 
2025-01-09 15:26:25,069 - Lancement de la stratégie 'Momentum' : ['AAPL'] | 1000 | 1 | 30 | 90
2025-01-09 15:26:25,241 - Loading data from temp ... 
2025-01-09 15:26:25,266 - Lancement de la stratégie 'Momentum' : ['AAPL', 'GOOGL'] | 1000 | 2 | 30 | 90
2025-01-09 15:26:25,447 - Loading data from temp ... 
2025-01-09 15:26:25,472 - Lancement de la stratégie 'Momentum' : ['AAPL', 'GOOGL', 'MSFT'] | 1000 | 3 | 30 | 90
2025-01-09 15:26:25,644 - Loading data from temp ... 
2025-01-09 15:26:25,660 - Lancement de la stratégie 'Momentum' : ['AAPL', 'GOOGL', 'MSFT', 'AMZN'] | 1000 | 3 | 30 | 90
2025-01-09 15:26:26,565 - Loading data from temp ... 
2025-01-09 15:26:26,589 - Lancement de la stratégie 'Momentum' : ['AAPL', 'GOOGL', 'MSFT', 'AMZN', 'NVDA'] | 1000 | 3 | 30 | 90
2025-01-09 15:31:18,451 - Loading data from temp ... 
2025-01-09 15:31:21,342 - Loading data from temp ... 
2025-01-09 15:31:21,366 - Lancement de la stratégie 'BuyAndHold' : ['GOOGL'] | 1000 | 2023-01-01 00:00:00 | 2025-01-09 00:00:00
2025-01-09 15:31:21,559 - Loading data from temp ... 
2025-01-09 15:31:21,583 - Lancement de la stratégie 'BuyAndHold' : ['GOOGL', 'MSFT'] | 1000 | 2023-01-01 00:00:00 | 2025-01-09 00:00:00
2025-01-09 15:31:22,494 - Loading data from temp ... 
2025-01-09 15:31:22,510 - Lancement de la stratégie 'BuyAndHold' : ['GOOGL', 'MSFT'] | 1000 | 2023-01-01 00:00:00 | 2025-01-09 00:00:00
2025-01-09 15:31:30,787 - Loading data from temp ... 
2025-01-09 15:31:30,828 - Lancement de la stratégie 'Momentum' : ['GOOGL', 'MSFT'] | 1000 | 2 | 30 | 90 | 2023-01-01 00:00:00 | 2025-01-09 00:00:00
2025-01-09 15:31:33,036 - Loading data from temp ... 
2025-01-09 15:31:33,069 - Lancement de la stratégie 'Momentum' : ['AAPL', 'GOOGL', 'MSFT'] | 1000 | 3 | 30 | 90 | 2023-01-01 00:00:00 | 2025-01-09 00:00:00
2025-01-09 15:31:33,278 - Loading data from temp ... 
2025-01-09 15:31:33,302 - Lancement de la stratégie 'Momentum' : ['AAPL', 'GOOGL', 'MSFT', 'AMZN'] | 1000 | 3 | 30 | 90 | 2023-01-01 00:00:00 | 2025-01-09 00:00:00
2025-01-09 15:31:43,283 - Loading data from temp ... 
2025-01-09 15:31:43,315 - Lancement de la stratégie 'Momentum' : ['AAPL', 'GOOGL', 'MSFT', 'AMZN'] | 1000 | 3 | 30 | 90 | 2024-01-01 00:00:00 | 2025-01-09 00:00:00
2025-01-09 15:31:45,232 - Loading data from temp ... 
2025-01-09 15:31:45,256 - Lancement de la stratégie 'Momentum' : ['AAPL', 'GOOGL', 'MSFT', 'AMZN'] | 1000 | 3 | 30 | 90 | 2024-01-01 00:00:00 | 2025-01-09 00:00:00
2025-01-09 15:34:48,343 - Loading data from temp ... 
2025-01-09 15:34:48,366 - Lancement de la stratégie 'Momentum' : ['AAPL', 'GOOGL', 'MSFT', 'AMZN'] | 1000 | 3 | 30 | 90 | 2024-01-01 00:00:00 | 2025-01-09 00:00:00
2025-01-09 15:34:49,675 - Loading data from temp ... 
2025-01-09 15:34:49,707 - Lancement de la stratégie 'Momentum' : ['AAPL', 'GOOGL', 'MSFT', 'AMZN'] | 1000 | 3 | 30 | 90 | 2024-01-01 00:00:00 | 2025-01-09 00:00:00
2025-01-09 15:34:52,483 - Loading data from temp ... 
2025-01-09 15:34:52,500 - Lancement de la stratégie 'Momentum' : ['AAPL', 'GOOGL', 'MSFT', 'AMZN'] | 1000 | 3 | 30 | 90 | 2024-01-01 00:00:00 | 2025-01-09 00:00:00
2025-01-09 15:36:24,851 - Loading data from temp ... 
2025-01-09 15:36:24,883 - Lancement de la stratégie 'Momentum' : ['AAPL', 'GOOGL', 'MSFT', 'AMZN'] | 1000 | 3 | 30 | 90 | 2024-01-01 00:00:00 | 2025-01-09 00:00:00
2025-01-09 15:43:09,365 - Loading data from temp ... 
2025-01-09 15:43:09,389 - Lancement de la stratégie 'Momentum' : ['AAPL', 'GOOGL', 'MSFT', 'AMZN'] | 1000 | 3 | 30 | 90 | 2024-01-01 00:00:00 | 2025-01-09 00:00:00
2025-01-09 15:44:37,637 - Loading data from temp ... 
2025-01-09 15:44:37,661 - Lancement de la stratégie 'Momentum' : ['AAPL', 'GOOGL', 'MSFT', 'AMZN'] | 1000 | 3 | 30 | 90 | 2024-01-01 00:00:00 | 2025-01-09 00:00:00
2025-01-09 15:54:03,511 - Loading data from temp ... 
2025-01-09 15:54:06,643 - Loading data from temp ... 
2025-01-09 15:54:06,675 - Lancement de la stratégie 'BuyAndHold' : ['AAPL'] | 1000 | 2023-01-01 00:00:00 | 2025-01-09 00:00:00
2025-01-09 15:54:07,070 - Loading data from temp ... 
2025-01-09 15:54:07,086 - Lancement de la stratégie 'BuyAndHold' : ['AAPL', 'GOOGL'] | 1000 | 2023-01-01 00:00:00 | 2025-01-09 00:00:00
2025-01-09 15:54:07,468 - Loading data from temp ... 
2025-01-09 15:54:07,493 - Lancement de la stratégie 'BuyAndHold' : ['AAPL', 'GOOGL', 'MSFT'] | 1000 | 2023-01-01 00:00:00 | 2025-01-09 00:00:00
2025-01-09 15:54:09,382 - Loading data from temp ... 
2025-01-09 15:54:09,406 - Lancement de la stratégie 'BuyAndHold' : ['AAPL', 'GOOGL', 'MSFT'] | 1000 | 2023-01-01 00:00:00 | 2025-01-09 00:00:00
2025-01-09 15:54:12,963 - Loading data from temp ... 
2025-01-09 15:54:12,979 - Lancement de la stratégie 'Momentum' : ['AAPL', 'GOOGL', 'MSFT'] | 1000 | 3 | 30 | 90 | 2023-01-01 00:00:00 | 2025-01-09 00:00:00
2025-01-09 15:54:28,585 - Loading data from temp ... 
2025-01-09 15:54:28,617 - Lancement de la stratégie 'Momentum' : ['AAPL', 'GOOGL', 'MSFT'] | 1000 | 3 | 30 | 90 | 2023-01-01 00:00:00 | 2025-01-09 00:00:00
2025-01-09 15:55:21,463 - Loading data from temp ... 
2025-01-09 15:55:21,503 - Lancement de la stratégie 'BuyAndHold' : ['AAPL', 'GOOGL', 'MSFT'] | 1000 | 2023-01-01 00:00:00 | 2025-01-09 00:00:00
2025-01-09 15:55:26,995 - Loading data from temp ... 
2025-01-09 15:55:27,028 - Lancement de la stratégie 'Momentum' : ['AAPL', 'GOOGL', 'MSFT'] | 1000 | 3 | 30 | 90 | 2023-01-01 00:00:00 | 2025-01-09 00:00:00
2025-01-09 15:55:29,722 - Loading data from temp ... 
2025-01-09 15:55:29,755 - Lancement de la stratégie 'BuyAndHold' : ['AAPL', 'GOOGL', 'MSFT'] | 1000 | 2023-01-01 00:00:00 | 2025-01-09 00:00:00
2025-01-09 15:55:31,309 - Loading data from temp ... 
2025-01-09 15:55:31,332 - Lancement de la stratégie 'BuyAndHold' : ['AAPL', 'GOOGL', 'MSFT'] | 1000 | 2023-01-01 00:00:00 | 2025-01-09 00:00:00
2025-01-09 15:55:52,064 - Loading data from temp ... 
2025-01-09 15:55:52,088 - Lancement de la stratégie 'Momentum' : ['AAPL', 'GOOGL', 'MSFT'] | 1000 | 3 | 30 | 90 | 2023-01-01 00:00:00 | 2025-01-09 00:00:00
2025-01-09 15:58:38,195 - Loading data from temp ... 
2025-01-09 15:58:38,219 - Lancement de la stratégie 'Momentum' : ['AAPL', 'GOOGL', 'MSFT'] | 1000 | 3 | 30 | 90 | 2023-01-01 00:00:00 | 2025-01-09 00:00:00
2025-01-09 16:56:46,651 - Loading data from temp ... 
2025-01-09 16:56:48,722 - Loading data from temp ... 
2025-01-09 16:56:51,126 - Loading data from temp ... 
2025-01-09 16:56:51,150 - Lancement de la stratégie 'Momentum' : ['AAPL'] | 1000 | 1 | 30 | 90 | 2023-01-01 00:00:00 | 2025-01-09 00:00:00
2025-01-09 16:56:51,406 - Loading data from temp ... 
2025-01-09 16:56:51,422 - Lancement de la stratégie 'Momentum' : ['AAPL', 'GOOGL'] | 1000 | 2 | 30 | 90 | 2023-01-01 00:00:00 | 2025-01-09 00:00:00
2025-01-09 16:56:51,878 - Loading data from temp ... 
2025-01-09 16:56:51,894 - Lancement de la stratégie 'Momentum' : ['AAPL', 'GOOGL', 'MSFT'] | 1000 | 3 | 30 | 90 | 2023-01-01 00:00:00 | 2025-01-09 00:00:00
2025-01-09 16:56:53,446 - Loading data from temp ... 
2025-01-09 16:56:53,470 - Lancement de la stratégie 'Momentum' : ['AAPL', 'GOOGL', 'MSFT'] | 1000 | 3 | 30 | 90 | 2023-01-01 00:00:00 | 2025-01-09 00:00:00
2025-01-09 16:58:42,497 - Loading data from temp ... 
2025-01-09 16:58:42,530 - Lancement de la stratégie 'Momentum' : ['AAPL', 'GOOGL', 'MSFT'] | 1000 | 3 | 30 | 90 | 2023-01-01 00:00:00 | 2025-01-09 00:00:00
2025-01-09 20:24:19,113 - Loading data from temp ... 
2025-01-09 20:24:19,144 - Lancement de la stratégie 'BuyAndHold' : ['AAPL', 'GOOGL', 'MSFT'] | 1000 | 2023-01-01 00:00:00 | 2025-01-09 00:00:00
2025-01-10 11:36:47,626 - Loading data from temp ... 
2025-01-10 11:36:47,658 - Data is outdated or missing, reloading data...
2025-01-10 11:36:47,674 - Loading data from yahoo finance ... 
2025-01-10 11:36:49,703 - Connection pool is full, discarding connection: query2.finance.yahoo.com. Connection pool size: 10
2025-01-10 11:36:49,892 - Connection pool is full, discarding connection: query2.finance.yahoo.com. Connection pool size: 10
2025-01-10 11:36:51,789 - 
1 Failed download:
2025-01-10 11:36:51,789 - ['TWTR']: YFTzMissingError('$%ticker%: possibly delisted; no timezone found')
2025-01-10 11:37:06,927 - Loading data from temp ... 
2025-01-10 11:37:06,951 - Lancement de la stratégie 'BuyAndHold' : ['AAPL'] | 1000 | 2023-01-01 00:00:00 | 2025-01-10 00:00:00
2025-01-10 11:37:07,166 - Loading data from temp ... 
2025-01-10 11:37:07,183 - Lancement de la stratégie 'BuyAndHold' : ['AAPL', 'GOOGL'] | 1000 | 2023-01-01 00:00:00 | 2025-01-10 00:00:00
2025-01-10 11:37:07,330 - Loading data from temp ... 
2025-01-10 11:37:07,346 - Lancement de la stratégie 'BuyAndHold' : ['AAPL', 'GOOGL', 'MSFT'] | 1000 | 2023-01-01 00:00:00 | 2025-01-10 00:00:00
2025-01-10 11:37:09,623 - Loading data from temp ... 
2025-01-10 11:37:09,640 - Lancement de la stratégie 'BuyAndHold' : ['AAPL', 'GOOGL', 'MSFT'] | 1000 | 2023-01-01 00:00:00 | 2025-01-10 00:00:00
2025-01-10 11:37:13,802 - Loading data from temp ... 
2025-01-10 11:37:13,818 - Lancement de la stratégie 'Momentum' : ['AAPL', 'GOOGL', 'MSFT'] | 1000 | 3 | 30 | 90 | 2023-01-01 00:00:00 | 2025-01-10 00:00:00
2025-01-10 11:37:17,202 - Loading data from temp ... 
2025-01-10 11:37:17,218 - Lancement de la stratégie 'Momentum' : ['AAPL', 'GOOGL', 'MSFT'] | 1000 | 3 | 30 | 90 | 2023-01-01 00:00:00 | 2025-01-10 00:00:00
2025-01-10 11:42:56,945 - Loading data from temp ... 
2025-01-10 11:42:56,980 - Lancement de la stratégie 'Momentum' : ['AAPL', 'GOOGL', 'MSFT'] | 1000 | 3 | 30 | 90 | 2023-01-01 00:00:00 | 2025-01-10 00:00:00
2025-01-10 11:45:13,604 - Loading data from temp ... 
2025-01-10 11:45:13,630 - Lancement de la stratégie 'Momentum' : ['AAPL', 'GOOGL', 'MSFT'] | 1000 | 3 | 30 | 90 | 2023-01-01 00:00:00 | 2025-01-10 00:00:00
2025-01-10 11:45:17,640 - Loading data from temp ... 
2025-01-10 11:45:17,664 - Lancement de la stratégie 'Momentum' : ['AAPL', 'GOOGL', 'MSFT'] | 1000 | 3 | 30 | 90 | 2023-01-01 00:00:00 | 2025-01-10 00:00:00
2025-01-10 11:45:24,079 - Loading data from temp ... 
2025-01-10 11:45:24,103 - Lancement de la stratégie 'Momentum' : ['AAPL', 'GOOGL', 'MSFT'] | 1000 | 2 | 30 | 90 | 2023-01-01 00:00:00 | 2025-01-10 00:00:00
2025-01-10 11:45:24,275 - Loading data from temp ... 
2025-01-10 11:45:24,299 - Lancement de la stratégie 'Momentum' : ['AAPL', 'GOOGL', 'MSFT'] | 1000 | 2 | 30 | 90 | 2023-01-01 00:00:00 | 2025-01-10 00:00:00
2025-01-10 11:48:13,955 - Loading data from temp ... 
2025-01-10 11:48:13,979 - Lancement de la stratégie 'BuyAndHold' : ['AAPL', 'GOOGL', 'MSFT'] | 1000 | 2023-01-01 00:00:00 | 2025-01-10 00:00:00
2025-01-10 11:48:15,613 - Loading data from temp ... 
2025-01-10 11:48:15,637 - Lancement de la stratégie 'BuyAndHold' : ['AAPL', 'GOOGL', 'MSFT'] | 1000 | 2023-01-01 00:00:00 | 2025-01-10 00:00:00
2025-01-10 11:48:43,331 - Loading data from temp ... 
2025-01-10 11:48:43,363 - Lancement de la stratégie 'Momentum' : ['AAPL', 'GOOGL', 'MSFT'] | 1000 | 3 | 30 | 90 | 2023-01-01 00:00:00 | 2025-01-10 00:00:00
2025-01-10 11:48:47,211 - Loading data from temp ... 
2025-01-10 11:48:47,243 - Lancement de la stratégie 'Momentum' : ['AAPL', 'GOOGL', 'MSFT'] | 1000 | 2 | 30 | 90 | 2023-01-01 00:00:00 | 2025-01-10 00:00:00
2025-01-10 11:48:47,401 - Loading data from temp ... 
2025-01-10 11:48:47,425 - Lancement de la stratégie 'Momentum' : ['AAPL', 'GOOGL', 'MSFT'] | 1000 | 2 | 30 | 90 | 2023-01-01 00:00:00 | 2025-01-10 00:00:00
2025-01-10 11:51:07,351 - Loading data from temp ... 
2025-01-10 11:51:07,376 - Lancement de la stratégie 'BuyAndHold' : ['AAPL', 'GOOGL', 'MSFT'] | 1000 | 2023-01-01 00:00:00 | 2025-01-10 00:00:00
2025-01-10 11:51:08,535 - Loading data from temp ... 
2025-01-10 11:51:08,559 - Lancement de la stratégie 'BuyAndHold' : ['AAPL', 'GOOGL', 'MSFT'] | 1000 | 2023-01-01 00:00:00 | 2025-01-10 00:00:00
2025-01-10 11:52:19,098 - Loading data from temp ... 
2025-01-10 11:52:19,123 - Lancement de la stratégie 'BuyAndHold' : ['AAPL', 'GOOGL', 'MSFT'] | 1000 | 2023-01-01 00:00:00 | 2025-01-10 00:00:00
2025-01-10 11:54:40,049 - Loading data from temp ... 
2025-01-10 11:54:40,081 - Lancement de la stratégie 'Momentum' : ['AAPL', 'GOOGL', 'MSFT'] | 1000 | 3 | 30 | 90 | 2023-01-01 00:00:00 | 2025-01-10 00:00:00
2025-01-10 11:54:42,639 - Loading data from temp ... 
2025-01-10 11:54:42,671 - Lancement de la stratégie 'BuyAndHold' : ['AAPL', 'GOOGL', 'MSFT'] | 1000 | 2023-01-01 00:00:00 | 2025-01-10 00:00:00
2025-01-10 11:55:53,890 - Loading data from temp ... 
2025-01-10 11:55:53,915 - Lancement de la stratégie 'BuyAndHold' : ['AAPL', 'GOOGL', 'MSFT'] | 1000 | None | 2025-01-10 00:00:00
2025-01-10 11:59:22,834 - Loading data from temp ... 
2025-01-10 11:59:22,858 - Lancement de la stratégie 'BuyAndHold' : ['AAPL', 'GOOGL', 'MSFT'] | 1000 | 2023-01-01 00:00:00 | 2025-01-10 00:00:00
2025-01-10 11:59:39,692 - Loading data from temp ... 
2025-01-10 11:59:39,716 - Lancement de la stratégie 'Momentum' : ['AAPL', 'GOOGL', 'MSFT'] | 1000 | 3 | 30 | 90 | 2023-01-01 00:00:00 | 2025-01-10 00:00:00
2025-01-10 11:59:41,649 - Loading data from temp ... 
2025-01-10 11:59:41,674 - Lancement de la stratégie 'Momentum' : ['AAPL', 'GOOGL', 'MSFT'] | 1000 | 3 | 30 | 90 | 2023-01-01 00:00:00 | 2025-01-10 00:00:00
2025-01-10 11:59:46,587 - Loading data from temp ... 
2025-01-10 11:59:46,611 - Lancement de la stratégie 'Momentum' : ['AAPL', 'GOOGL', 'MSFT'] | 1000 | 2 | 30 | 90 | 2023-01-01 00:00:00 | 2025-01-10 00:00:00
2025-01-10 11:59:46,783 - Loading data from temp ... 
2025-01-10 11:59:46,809 - Lancement de la stratégie 'Momentum' : ['AAPL', 'GOOGL', 'MSFT'] | 1000 | 2 | 30 | 90 | 2023-01-01 00:00:00 | 2025-01-10 00:00:00
2025-01-10 12:02:11,010 - Loading data from temp ... 
2025-01-10 12:02:11,035 - Lancement de la stratégie 'BuyAndHold' : ['AAPL', 'GOOGL', 'MSFT'] | 1000 | 2023-01-01 00:00:00 | 2025-01-10 00:00:00
2025-01-10 12:02:12,471 - Loading data from temp ... 
2025-01-10 12:02:12,488 - Lancement de la stratégie 'BuyAndHold' : ['AAPL', 'GOOGL', 'MSFT'] | 1000 | 2023-01-01 00:00:00 | 2025-01-10 00:00:00
2025-01-10 12:02:58,641 - Loading data from temp ... 
2025-01-10 12:02:58,657 - Lancement de la stratégie 'BuyAndHold' : ['AAPL', 'GOOGL', 'MSFT'] | 1000 | 2023-01-01 00:00:00 | 2025-01-10 00:00:00
2025-01-10 12:03:06,743 - Loading data from temp ... 
2025-01-10 12:03:06,767 - Lancement de la stratégie 'BuyAndHold' : ['AAPL', 'GOOGL', 'MSFT', 'AMZN'] | 1000 | 2023-01-01 00:00:00 | 2025-01-10 00:00:00
2025-01-10 12:03:07,540 - Loading data from temp ... 
2025-01-10 12:03:07,565 - Lancement de la stratégie 'BuyAndHold' : ['AAPL', 'GOOGL', 'MSFT', 'AMZN'] | 1000 | 2023-01-01 00:00:00 | 2025-01-10 00:00:00
2025-01-10 12:03:49,119 - Loading data from temp ... 
2025-01-10 12:03:49,144 - Lancement de la stratégie 'BuyAndHold' : ['AAPL', 'GOOGL', 'MSFT', 'AMZN'] | 1000 | 2023-01-01 00:00:00 | 2025-01-10 00:00:00
2025-01-10 12:06:28,585 - Loading data from temp ... 
2025-01-10 12:06:28,610 - Lancement de la stratégie 'BuyAndHold' : ['AAPL', 'GOOGL', 'MSFT', 'AMZN'] | 1000 | 2023-01-01 00:00:00 | 2025-01-10 00:00:00
2025-01-10 12:06:35,183 - Loading data from temp ... 
2025-01-10 12:06:35,199 - Lancement de la stratégie 'BuyAndHold' : ['AAPL', 'GOOGL', 'MSFT', 'AMZN'] | 1000 | 2023-01-01 00:00:00 | 2025-01-10 00:00:00
2025-01-10 12:06:49,993 - Loading data from temp ... 
2025-01-10 12:06:50,018 - Lancement de la stratégie 'BuyAndHold' : ['AAPL', 'GOOGL', 'MSFT', 'AMZN', 'TSLA'] | 1000 | 2023-01-01 00:00:00 | 2025-01-10 00:00:00
2025-01-10 12:06:50,995 - Loading data from temp ... 
2025-01-10 12:06:51,020 - Lancement de la stratégie 'BuyAndHold' : ['AAPL', 'GOOGL', 'MSFT', 'AMZN', 'TSLA'] | 1000 | 2023-01-01 00:00:00 | 2025-01-10 00:00:00
2025-01-10 12:06:57,798 - Loading data from temp ... 
2025-01-10 12:06:57,823 - Lancement de la stratégie 'BuyAndHold' : ['GOOGL', 'MSFT', 'AMZN', 'TSLA'] | 1000 | 2023-01-01 00:00:00 | 2025-01-10 00:00:00
2025-01-10 12:07:00,654 - Loading data from temp ... 
2025-01-10 12:07:00,686 - Lancement de la stratégie 'BuyAndHold' : ['MSFT', 'AMZN', 'TSLA'] | 1000 | 2023-01-01 00:00:00 | 2025-01-10 00:00:00
2025-01-10 12:07:01,492 - Loading data from temp ... 
2025-01-10 12:07:01,508 - Lancement de la stratégie 'BuyAndHold' : ['AMZN', 'TSLA'] | 1000 | 2023-01-01 00:00:00 | 2025-01-10 00:00:00
2025-01-10 12:07:02,461 - Loading data from temp ... 
2025-01-10 12:07:02,493 - Lancement de la stratégie 'BuyAndHold' : ['TSLA'] | 1000 | 2023-01-01 00:00:00 | 2025-01-10 00:00:00
2025-01-10 12:07:03,089 - Loading data from temp ... 
2025-01-10 12:07:03,113 - Lancement de la stratégie 'BuyAndHold' : ['TSLA'] | 1000 | 2023-01-01 00:00:00 | 2025-01-10 00:00:00
2025-01-10 12:07:10,363 - Loading data from temp ... 
2025-01-10 12:07:10,387 - Lancement de la stratégie 'Momentum' : ['TSLA'] | 1000 | 1 | 30 | 90 | 2023-01-01 00:00:00 | 2025-01-10 00:00:00
2025-01-10 12:07:11,911 - Loading data from temp ... 
2025-01-10 12:07:11,935 - Lancement de la stratégie 'Momentum' : ['TSLA'] | 1000 | 1 | 30 | 90 | 2023-01-01 00:00:00 | 2025-01-10 00:00:00
2025-01-10 12:07:27,843 - Loading data from temp ... 
2025-01-10 12:07:27,867 - Lancement de la stratégie 'BuyAndHold' : ['TSLA'] | 1000 | 2023-01-01 00:00:00 | 2025-01-10 00:00:00
2025-01-10 12:07:29,525 - Loading data from temp ... 
2025-01-10 12:07:29,549 - Lancement de la stratégie 'BuyAndHold' : ['TSLA'] | 1000 | 2023-01-01 00:00:00 | 2025-01-10 00:00:00
2025-01-10 12:23:41,831 - Loading data from temp ... 
2025-01-10 12:23:41,856 - Lancement de la stratégie 'Momentum' : ['TSLA'] | 1000 | 1 | 30 | 90 | 2023-01-01 00:00:00 | 2025-01-10 00:00:00
2025-01-10 12:23:43,811 - Loading data from temp ... 
2025-01-10 12:23:43,835 - Lancement de la stratégie 'Momentum' : ['TSLA'] | 1000 | 1 | 30 | 90 | 2023-01-01 00:00:00 | 2025-01-10 00:00:00
2025-01-10 12:24:06,075 - Loading data from temp ... 
2025-01-10 12:24:06,100 - Lancement de la stratégie 'Momentum' : ['AAPL', 'TSLA'] | 1000 | 2 | 30 | 90 | 2023-01-01 00:00:00 | 2025-01-10 00:00:00
2025-01-10 12:24:06,279 - Loading data from temp ... 
2025-01-10 12:24:06,305 - Lancement de la stratégie 'Momentum' : ['AAPL', 'GOOGL', 'TSLA'] | 1000 | 3 | 30 | 90 | 2023-01-01 00:00:00 | 2025-01-10 00:00:00
2025-01-10 12:24:11,008 - Loading data from temp ... 
2025-01-10 12:24:11,032 - Lancement de la stratégie 'Momentum' : ['AAPL', 'GOOGL', 'TSLA'] | 1000 | 2 | 30 | 90 | 2023-01-01 00:00:00 | 2025-01-10 00:00:00
2025-01-10 12:24:12,258 - Loading data from temp ... 
2025-01-10 12:24:12,282 - Lancement de la stratégie 'Momentum' : ['AAPL', 'GOOGL', 'TSLA'] | 1000 | 2 | 30 | 90 | 2023-01-01 00:00:00 | 2025-01-10 00:00:00
2025-01-10 12:26:06,111 - Loading data from temp ... 
2025-01-10 12:26:06,136 - Lancement de la stratégie 'Momentum' : ['AAPL', 'GOOGL', 'TSLA'] | 1000 | 2 | 30 | 90 | 2023-01-01 00:00:00 | 2025-01-10 00:00:00
2025-01-10 12:29:47,148 - Loading data from temp ... 
2025-01-10 12:29:47,165 - Lancement de la stratégie 'Momentum' : ['AAPL', 'GOOGL', 'TSLA'] | 1000 | 2 | 30 | 90 | 2023-01-01 00:00:00 | 2025-01-10 00:00:00
2025-01-10 12:29:47,320 - 
1 Failed download:
2025-01-10 12:29:47,320 - ['AAPL']: YFPricesMissingError('$%ticker%: possibly delisted; no price data found  (1d 2023-01-01 -> 2023-01-01)')
2025-01-10 12:29:47,377 - 
1 Failed download:
2025-01-10 12:29:47,377 - ['GOOGL']: YFPricesMissingError('$%ticker%: possibly delisted; no price data found  (1d 2023-01-01 -> 2023-01-01)')
2025-01-10 12:29:47,451 - 
1 Failed download:
2025-01-10 12:29:47,451 - ['TSLA']: YFPricesMissingError('$%ticker%: possibly delisted; no price data found  (1d 2023-01-01 -> 2023-01-01)')
2025-01-10 12:29:52,828 - Loading data from temp ... 
2025-01-10 12:29:55,902 - Loading data from temp ... 
2025-01-10 12:29:57,942 - Loading data from temp ... 
2025-01-10 12:29:57,966 - Lancement de la stratégie 'Momentum' : ['AAPL'] | 1000 | 1 | 30 | 90 | 2023-01-01 00:00:00 | 2025-01-10 00:00:00
2025-01-10 12:29:58,162 - Loading data from temp ... 
2025-01-10 12:29:58,187 - Lancement de la stratégie 'Momentum' : ['AAPL', 'GOOGL'] | 1000 | 2 | 30 | 90 | 2023-01-01 00:00:00 | 2025-01-10 00:00:00
2025-01-10 12:29:58,582 - Loading data from temp ... 
2025-01-10 12:29:58,607 - Lancement de la stratégie 'Momentum' : ['AAPL', 'GOOGL', 'MSFT'] | 1000 | 3 | 30 | 90 | 2023-01-01 00:00:00 | 2025-01-10 00:00:00
2025-01-10 12:30:00,911 - Loading data from temp ... 
2025-01-10 12:30:00,928 - Lancement de la stratégie 'Momentum' : ['AAPL', 'GOOGL', 'MSFT'] | 1000 | 3 | 30 | 90 | 2023-01-01 00:00:00 | 2025-01-10 00:00:00
2025-01-10 12:30:13,939 - Loading data from temp ... 
2025-01-10 12:30:13,956 - Lancement de la stratégie 'Momentum' : ['AAPL', 'GOOGL', 'MSFT', 'AMZN'] | 1000 | 3 | 30 | 90 | 2023-01-01 00:00:00 | 2025-01-10 00:00:00
2025-01-10 12:30:15,023 - Loading data from temp ... 
2025-01-10 12:30:15,055 - Lancement de la stratégie 'Momentum' : ['AAPL', 'GOOGL', 'MSFT', 'AMZN'] | 1000 | 3 | 30 | 90 | 2023-01-01 00:00:00 | 2025-01-10 00:00:00
2025-01-10 12:30:15,080 - 
1 Failed download:
2025-01-10 12:30:15,080 - ['AAPL']: YFPricesMissingError('$%ticker%: possibly delisted; no price data found  (1d 2023-01-01 -> 2023-01-01)')
2025-01-10 12:30:15,094 - 
1 Failed download:
2025-01-10 12:30:15,094 - ['GOOGL']: YFPricesMissingError('$%ticker%: possibly delisted; no price data found  (1d 2023-01-01 -> 2023-01-01)')
2025-01-10 12:30:15,187 - 
1 Failed download:
2025-01-10 12:30:15,187 - ['MSFT']: YFPricesMissingError('$%ticker%: possibly delisted; no price data found  (1d 2023-01-01 -> 2023-01-01)')
2025-01-10 12:30:15,274 - 
1 Failed download:
2025-01-10 12:30:15,275 - ['AMZN']: YFPricesMissingError('$%ticker%: possibly delisted; no price data found  (1d 2023-01-01 -> 2023-01-01)')
2025-01-10 12:30:24,091 - Loading data from temp ... 
2025-01-10 12:30:24,117 - Lancement de la stratégie 'Momentum' : ['AAPL', 'GOOGL', 'MSFT', 'AMZN'] | 1000 | 3 | 30 | 90 | 2023-01-01 00:00:00 | 2025-01-10 00:00:00
2025-01-10 12:32:35,396 - Loading data from temp ... 
2025-01-10 12:32:35,421 - Lancement de la stratégie 'Momentum' : ['AAPL', 'GOOGL', 'MSFT', 'AMZN'] | 1000 | 3 | 30 | 90 | 2023-01-01 00:00:00 | 2025-01-10 00:00:00
2025-01-10 12:32:40,999 - Loading data from temp ... 
2025-01-10 12:32:41,063 - Lancement de la stratégie 'Momentum' : ['AAPL', 'GOOGL', 'MSFT', 'AMZN'] | 1000 | 3 | 30 | 90 | 2024-01-01 00:00:00 | 2025-01-10 00:00:00
2025-01-10 12:32:43,426 - Loading data from temp ... 
2025-01-10 12:32:43,450 - Lancement de la stratégie 'Momentum' : ['AAPL', 'GOOGL', 'MSFT', 'AMZN'] | 1000 | 3 | 30 | 90 | 2024-01-01 00:00:00 | 2025-01-10 00:00:00
2025-01-10 12:35:02,902 - Loading data from temp ... 
2025-01-10 12:35:02,936 - Lancement de la stratégie 'Momentum' : ['AAPL', 'GOOGL', 'MSFT', 'AMZN'] | 1000 | 3 | 30 | 90 | 2024-01-01 00:00:00 | 2025-01-10 00:00:00
2025-01-10 12:35:03,139 - 
1 Failed download:
2025-01-10 12:35:03,139 - ['AAPL']: YFPricesMissingError('$%ticker%: possibly delisted; no price data found  (1d 2024-01-01 -> 2024-01-01)')
2025-01-10 12:35:03,222 - 
1 Failed download:
2025-01-10 12:35:03,222 - ['GOOGL']: YFPricesMissingError('$%ticker%: possibly delisted; no price data found  (1d 2024-01-01 -> 2024-01-01)')
2025-01-10 12:35:03,324 - 
1 Failed download:
2025-01-10 12:35:03,324 - ['MSFT']: YFPricesMissingError('$%ticker%: possibly delisted; no price data found  (1d 2024-01-01 -> 2024-01-01)')
2025-01-10 12:35:03,371 - 
1 Failed download:
2025-01-10 12:35:03,372 - ['AMZN']: YFPricesMissingError('$%ticker%: possibly delisted; no price data found  (1d 2024-01-01 -> 2024-01-01)')
2025-01-10 12:35:09,972 - Loading data from temp ... 
2025-01-10 12:35:12,111 - Loading data from temp ... 
2025-01-10 12:35:14,278 - Loading data from temp ... 
2025-01-10 12:35:14,294 - Lancement de la stratégie 'Momentum' : ['AAPL'] | 1000 | 1 | 30 | 90 | 2023-01-01 00:00:00 | 2025-01-10 00:00:00
2025-01-10 12:35:14,488 - Loading data from temp ... 
2025-01-10 12:35:14,504 - Lancement de la stratégie 'Momentum' : ['AAPL', 'GOOGL'] | 1000 | 2 | 30 | 90 | 2023-01-01 00:00:00 | 2025-01-10 00:00:00
2025-01-10 12:35:16,176 - Loading data from temp ... 
2025-01-10 12:35:16,200 - Lancement de la stratégie 'Momentum' : ['AAPL', 'GOOGL', 'MSFT'] | 1000 | 3 | 30 | 90 | 2023-01-01 00:00:00 | 2025-01-10 00:00:00
2025-01-10 12:35:19,722 - Loading data from temp ... 
2025-01-10 12:35:19,746 - Lancement de la stratégie 'Momentum' : ['AAPL', 'GOOGL', 'MSFT'] | 1000 | 2 | 30 | 90 | 2023-01-01 00:00:00 | 2025-01-10 00:00:00
2025-01-10 12:35:21,368 - Loading data from temp ... 
2025-01-10 12:35:21,392 - Lancement de la stratégie 'Momentum' : ['AAPL', 'GOOGL', 'MSFT'] | 1000 | 2 | 30 | 90 | 2024-01-01 00:00:00 | 2025-01-10 00:00:00
2025-01-10 12:35:23,114 - Loading data from temp ... 
2025-01-10 12:35:23,139 - Lancement de la stratégie 'Momentum' : ['AAPL', 'GOOGL', 'MSFT'] | 1000 | 2 | 30 | 90 | 2024-01-01 00:00:00 | 2025-01-10 00:00:00
2025-01-10 12:35:24,383 - Loading data from temp ... 
2025-01-10 12:35:24,399 - Lancement de la stratégie 'Momentum' : ['AAPL', 'GOOGL', 'MSFT'] | 1000 | 2 | 30 | 90 | 2024-01-01 00:00:00 | 2025-01-10 00:00:00
2025-01-10 12:35:24,421 - 
1 Failed download:
2025-01-10 12:35:24,421 - ['AAPL']: YFPricesMissingError('$%ticker%: possibly delisted; no price data found  (1d 2024-01-01 -> 2024-01-01)')
2025-01-10 12:35:24,440 - 
1 Failed download:
2025-01-10 12:35:24,440 - ['GOOGL']: YFPricesMissingError('$%ticker%: possibly delisted; no price data found  (1d 2024-01-01 -> 2024-01-01)')
2025-01-10 12:35:24,455 - 
1 Failed download:
2025-01-10 12:35:24,455 - ['MSFT']: YFPricesMissingError('$%ticker%: possibly delisted; no price data found  (1d 2024-01-01 -> 2024-01-01)')
2025-01-10 12:35:31,324 - Loading data from temp ... 
2025-01-10 12:35:31,348 - Lancement de la stratégie 'Momentum' : ['AAPL', 'GOOGL', 'MSFT'] | 1000 | 2 | 30 | 90 | 2024-01-01 00:00:00 | 2025-01-10 00:00:00
2025-01-10 12:36:12,065 - Loading data from temp ... 
2025-01-10 12:36:12,081 - Lancement de la stratégie 'Momentum' : ['AAPL', 'GOOGL', 'MSFT'] | 1000 | 2 | 30 | 90 | 2024-01-01 00:00:00 | 2025-01-10 00:00:00
2025-01-10 12:38:51,116 - Loading data from temp ... 
2025-01-10 12:38:53,419 - Loading data from temp ... 
2025-01-10 12:38:55,525 - Loading data from temp ... 
2025-01-10 12:38:55,549 - Lancement de la stratégie 'Momentum' : ['AAPL'] | 1000 | 1 | 30 | 90 | 2023-01-01 00:00:00 | 2025-01-10 00:00:00
2025-01-10 12:38:55,738 - Loading data from temp ... 
2025-01-10 12:38:55,770 - Lancement de la stratégie 'Momentum' : ['AAPL', 'GOOGL'] | 1000 | 2 | 30 | 90 | 2023-01-01 00:00:00 | 2025-01-10 00:00:00
2025-01-10 12:38:56,200 - Loading data from temp ... 
2025-01-10 12:38:56,224 - Lancement de la stratégie 'Momentum' : ['AAPL', 'GOOGL', 'MSFT'] | 1000 | 3 | 30 | 90 | 2023-01-01 00:00:00 | 2025-01-10 00:00:00
2025-01-10 12:38:59,084 - Loading data from temp ... 
2025-01-10 12:38:59,100 - Lancement de la stratégie 'Momentum' : ['AAPL', 'GOOGL', 'MSFT'] | 1000 | 2 | 30 | 90 | 2023-01-01 00:00:00 | 2025-01-10 00:00:00
2025-01-10 12:38:59,264 - Loading data from temp ... 
2025-01-10 12:38:59,288 - Lancement de la stratégie 'Momentum' : ['AAPL', 'GOOGL', 'MSFT'] | 1000 | 2 | 30 | 90 | 2023-01-01 00:00:00 | 2025-01-10 00:00:00
2025-01-10 12:41:10,427 - Loading data from temp ... 
2025-01-10 12:41:10,459 - Lancement de la stratégie 'Momentum' : ['AAPL', 'GOOGL', 'MSFT'] | 1000 | 3 | 30 | 90 | 2023-01-01 00:00:00 | 2025-01-10 00:00:00
2025-01-10 12:41:10,673 - Loading data from temp ... 
2025-01-10 12:41:10,697 - Lancement de la stratégie 'Momentum' : ['AAPL', 'GOOGL', 'MSFT'] | 1000 | 3 | 30 | 90 | 2023-01-01 00:00:00 | 2025-01-10 00:00:00
2025-01-10 12:41:14,339 - Loading data from temp ... 
2025-01-10 12:41:14,364 - Lancement de la stratégie 'Momentum' : ['AAPL', 'GOOGL', 'MSFT'] | 1000 | 3 | 30 | 90 | 2023-01-01 00:00:00 | 2025-01-10 00:00:00
2025-01-10 12:41:20,780 - Loading data from temp ... 
2025-01-10 12:41:20,796 - Lancement de la stratégie 'Momentum' : ['AAPL', 'GOOGL', 'MSFT', 'AMZN'] | 1000 | 3 | 30 | 90 | 2023-01-01 00:00:00 | 2025-01-10 00:00:00
2025-01-10 12:41:22,211 - Loading data from temp ... 
2025-01-10 12:41:22,235 - Lancement de la stratégie 'Momentum' : ['AAPL', 'GOOGL', 'MSFT', 'AMZN'] | 1000 | 3 | 30 | 90 | 2023-01-01 00:00:00 | 2025-01-10 00:00:00
2025-01-10 12:42:35,851 - Loading data from temp ... 
2025-01-10 12:42:35,877 - Lancement de la stratégie 'Momentum' : ['AAPL', 'GOOGL', 'MSFT', 'AMZN'] | 1000 | 3 | 30 | 90 | 2023-01-01 00:00:00 | 2025-01-10 00:00:00
2025-01-10 12:44:06,118 - Loading data from temp ... 
2025-01-10 12:44:06,158 - Lancement de la stratégie 'Momentum' : ['AAPL', 'GOOGL', 'MSFT', 'AMZN'] | 1000 | 4 | 30 | 90 | 2023-01-01 00:00:00 | 2025-01-10 00:00:00
2025-01-10 12:44:08,155 - Loading data from temp ... 
2025-01-10 12:44:08,179 - Lancement de la stratégie 'Momentum' : ['AAPL', 'GOOGL', 'MSFT', 'AMZN'] | 1000 | 4 | 30 | 90 | 2023-01-01 00:00:00 | 2025-01-10 00:00:00
2025-01-10 12:44:22,956 - Loading data from temp ... 
2025-01-10 12:44:22,972 - Lancement de la stratégie 'BuyAndHold' : ['AAPL', 'GOOGL', 'MSFT', 'AMZN'] | 1000 | 2023-01-01 00:00:00 | 2025-01-10 00:00:00
2025-01-10 12:44:24,100 - Loading data from temp ... 
2025-01-10 12:44:24,133 - Lancement de la stratégie 'BuyAndHold' : ['AAPL', 'GOOGL', 'MSFT', 'AMZN'] | 1000 | 2023-01-01 00:00:00 | 2025-01-10 00:00:00
2025-01-10 12:44:35,981 - Loading data from temp ... 
2025-01-10 12:44:36,006 - Lancement de la stratégie 'Momentum' : ['AAPL', 'GOOGL', 'MSFT', 'AMZN'] | 1000 | 3 | 30 | 90 | 2023-01-01 00:00:00 | 2025-01-10 00:00:00
2025-01-10 12:44:54,574 - Loading data from temp ... 
2025-01-10 12:44:54,607 - Lancement de la stratégie 'Momentum' : ['AAPL', 'GOOGL', 'MSFT'] | 1000 | 3 | 30 | 90 | 2023-01-01 00:00:00 | 2025-01-10 00:00:00
2025-01-10 12:44:58,168 - Loading data from temp ... 
2025-01-10 12:44:58,193 - Lancement de la stratégie 'Momentum' : ['AAPL', 'GOOGL', 'MSFT'] | 1000 | 2 | 30 | 90 | 2023-01-01 00:00:00 | 2025-01-10 00:00:00
2025-01-10 12:44:58,375 - Loading data from temp ... 
2025-01-10 12:44:58,399 - Lancement de la stratégie 'Momentum' : ['AAPL', 'GOOGL', 'MSFT'] | 1000 | 2 | 30 | 90 | 2023-01-01 00:00:00 | 2025-01-10 00:00:00
2025-01-10 12:46:34,509 - Loading data from temp ... 
2025-01-10 12:46:34,534 - Lancement de la stratégie 'Momentum' : ['AAPL', 'GOOGL', 'MSFT'] | 1000 | 2 | 30 | 90 | 2023-01-01 00:00:00 | 2025-01-10 00:00:00
2025-01-10 12:48:51,618 - Loading data from temp ... 
2025-01-10 12:48:51,643 - Lancement de la stratégie 'Momentum' : ['AAPL', 'GOOGL', 'MSFT'] | 1000 | 2 | 30 | 90 | 2023-01-01 00:00:00 | 2025-01-10 00:00:00
2025-01-10 12:51:20,363 - Loading data from temp ... 
2025-01-10 12:51:20,388 - Lancement de la stratégie 'Momentum' : ['AAPL', 'GOOGL', 'MSFT'] | 1000 | 2 | 30 | 90 | 2023-01-01 00:00:00 | 2025-01-10 00:00:00
2025-01-10 12:52:34,038 - Loading data from temp ... 
2025-01-10 12:52:34,056 - Lancement de la stratégie 'Momentum' : ['AAPL', 'GOOGL', 'MSFT'] | 1000 | 2 | 30 | 90 | 2023-01-01 00:00:00 | 2025-01-10 00:00:00
2025-01-10 12:54:25,514 - Loading data from temp ... 
2025-01-10 12:54:25,539 - Lancement de la stratégie 'BuyAndHold' : ['AAPL', 'GOOGL', 'MSFT'] | 1000 | 2023-01-01 00:00:00 | 2025-01-10 00:00:00
2025-01-10 12:54:26,620 - Loading data from temp ... 
2025-01-10 12:54:26,644 - Lancement de la stratégie 'BuyAndHold' : ['AAPL', 'GOOGL', 'MSFT'] | 1000 | 2023-01-01 00:00:00 | 2025-01-10 00:00:00
2025-01-10 12:54:40,388 - Loading data from temp ... 
2025-01-10 12:54:40,412 - Lancement de la stratégie 'Momentum' : ['AAPL', 'GOOGL', 'MSFT'] | 1000 | 3 | 30 | 90 | 2023-01-01 00:00:00 | 2025-01-10 00:00:00
2025-01-10 12:54:43,750 - Loading data from temp ... 
2025-01-10 12:54:43,774 - Lancement de la stratégie 'Momentum' : ['AAPL', 'GOOGL', 'MSFT'] | 1000 | 2 | 30 | 90 | 2023-01-01 00:00:00 | 2025-01-10 00:00:00
2025-01-10 12:55:02,471 - Loading data from temp ... 
2025-01-10 12:55:02,487 - Lancement de la stratégie 'Momentum' : ['AAPL', 'GOOGL', 'MSFT'] | 1000 | 2 | 30 | 90 | 2023-01-01 00:00:00 | 2025-01-10 00:00:00
2025-01-10 12:58:26,387 - Loading data from temp ... 
2025-01-10 12:58:26,411 - Lancement de la stratégie 'Momentum' : ['AAPL', 'GOOGL', 'MSFT'] | 1000 | 2 | 30 | 90 | 2023-01-01 00:00:00 | 2025-01-10 00:00:00
2025-01-10 13:00:07,192 - Loading data from temp ... 
2025-01-10 13:00:07,210 - Lancement de la stratégie 'Momentum' : ['AAPL', 'GOOGL', 'MSFT'] | 1000 | 2 | 30 | 90 | 2023-01-01 00:00:00 | 2025-01-10 00:00:00
2025-01-10 13:00:44,614 - Loading data from temp ... 
2025-01-10 13:00:44,639 - Lancement de la stratégie 'Momentum' : ['AAPL', 'GOOGL', 'MSFT', 'AMZN'] | 1000 | 3 | 30 | 90 | 2023-01-01 00:00:00 | 2025-01-10 00:00:00
2025-01-10 13:00:47,611 - Loading data from temp ... 
2025-01-10 13:00:47,628 - Lancement de la stratégie 'Momentum' : ['AAPL', 'GOOGL', 'MSFT', 'AMZN'] | 1000 | 3 | 30 | 90 | 2023-01-01 00:00:00 | 2025-01-10 00:00:00
2025-01-11 09:01:51,765 - Loading data from temp ... 
2025-01-11 09:01:51,781 - Data is outdated or missing, reloading data...
2025-01-11 09:01:51,797 - Loading data from yahoo finance ... 
2025-01-11 09:01:54,099 - Connection pool is full, discarding connection: query2.finance.yahoo.com. Connection pool size: 10
2025-01-11 09:01:54,140 - Connection pool is full, discarding connection: query2.finance.yahoo.com. Connection pool size: 10
2025-01-11 09:01:54,265 - 
1 Failed download:
2025-01-11 09:01:54,265 - ['TWTR']: YFTzMissingError('$%ticker%: possibly delisted; no timezone found')
2025-01-11 09:01:57,704 - Loading data from temp ... 
2025-01-11 09:01:59,928 - Loading data from temp ... 
2025-01-11 09:01:59,950 - Lancement de la stratégie 'Momentum' : ['GOOGL'] | 1000 | 1 | 30 | 90 | 2023-01-01 00:00:00 | 2025-01-11 00:00:00
2025-01-11 09:02:00,907 - Loading data from temp ... 
2025-01-11 09:02:00,923 - Lancement de la stratégie 'Momentum' : ['AAPL', 'GOOGL'] | 1000 | 2 | 30 | 90 | 2023-01-01 00:00:00 | 2025-01-11 00:00:00
2025-01-11 09:02:01,137 - Loading data from temp ... 
2025-01-11 09:02:01,162 - Lancement de la stratégie 'Momentum' : ['AAPL', 'GOOGL', 'MSFT'] | 1000 | 3 | 30 | 90 | 2023-01-01 00:00:00 | 2025-01-11 00:00:00
2025-01-11 09:02:03,780 - Loading data from temp ... 
2025-01-11 09:02:03,796 - Lancement de la stratégie 'Momentum' : ['AAPL', 'GOOGL', 'MSFT'] | 1000 | 3 | 30 | 90 | 2023-01-01 00:00:00 | 2025-01-11 00:00:00
2025-01-11 09:02:13,042 - Loading data from temp ... 
2025-01-11 09:02:13,067 - Lancement de la stratégie 'Momentum' : ['AAPL', 'GOOGL', 'MSFT', 'AMZN'] | 1000 | 3 | 30 | 90 | 2023-01-01 00:00:00 | 2025-01-11 00:00:00
2025-01-11 09:02:14,572 - Loading data from temp ... 
2025-01-11 09:02:14,596 - Lancement de la stratégie 'Momentum' : ['AAPL', 'GOOGL', 'MSFT', 'AMZN'] | 1000 | 3 | 30 | 90 | 2023-01-01 00:00:00 | 2025-01-11 00:00:00
2025-01-11 09:05:51,438 - Loading data from temp ... 
2025-01-11 09:05:51,463 - Lancement de la stratégie 'Momentum' : ['AAPL', 'GOOGL', 'MSFT', 'AMZN'] | 1000 | 3 | 30 | 90 | 2023-01-01 00:00:00 | 2025-01-11 00:00:00
2025-01-11 09:09:23,630 - Loading data from temp ... 
2025-01-11 09:09:23,647 - Lancement de la stratégie 'Momentum' : ['AAPL', 'GOOGL', 'MSFT', 'AMZN'] | 1000 | 3 | 30 | 90 | 2023-01-01 00:00:00 | 2025-01-11 00:00:00
2025-01-11 09:09:31,990 - Loading data from temp ... 
2025-01-11 09:09:32,007 - Lancement de la stratégie 'Momentum' : ['AAPL', 'GOOGL', 'MSFT', 'AMZN'] | 1000 | 3 | 30 | 90 | 2023-01-01 00:00:00 | 2025-01-11 00:00:00
2025-01-11 09:10:49,822 - Loading data from temp ... 
2025-01-11 09:10:49,846 - Lancement de la stratégie 'Momentum' : ['AAPL', 'GOOGL', 'MSFT', 'AMZN'] | 1000 | 3 | 30 | 90 | 2023-01-01 00:00:00 | 2025-01-11 00:00:00
2025-01-11 09:11:47,190 - Loading data from temp ... 
2025-01-11 09:11:47,214 - Lancement de la stratégie 'Momentum' : ['AAPL', 'GOOGL', 'MSFT', 'AMZN'] | 1000 | 3 | 30 | 90 | 2023-01-01 00:00:00 | 2025-01-11 00:00:00
2025-01-11 09:13:45,161 - Loading data from temp ... 
2025-01-11 09:13:45,178 - Lancement de la stratégie 'Momentum' : ['AAPL', 'GOOGL', 'MSFT', 'AMZN'] | 1000 | 3 | 30 | 90 | 2023-01-01 00:00:00 | 2025-01-11 00:00:00
2025-01-11 09:17:01,980 - Loading data from temp ... 
2025-01-11 09:17:02,012 - Lancement de la stratégie 'Momentum' : ['AAPL', 'GOOGL', 'MSFT', 'AMZN'] | 1000 | 3 | 30 | 90 | 2023-01-01 00:00:00 | 2025-01-11 00:00:00
2025-01-11 09:19:37,614 - Loading data from temp ... 
2025-01-11 09:19:37,631 - Lancement de la stratégie 'Momentum' : ['AAPL', 'GOOGL', 'MSFT', 'AMZN'] | 1000 | 3 | 30 | 90 | 2023-01-01 00:00:00 | 2025-01-11 00:00:00
2025-01-11 09:21:31,664 - Loading data from temp ... 
2025-01-11 09:21:31,680 - Lancement de la stratégie 'Momentum' : ['AAPL', 'GOOGL', 'MSFT', 'AMZN'] | 1000 | 3 | 30 | 90 | 2023-01-01 00:00:00 | 2025-01-11 00:00:00
2025-01-11 09:23:32,628 - Loading data from temp ... 
2025-01-11 09:23:35,486 - Loading data from temp ... 
2025-01-11 09:23:37,614 - Loading data from temp ... 
2025-01-11 09:23:37,639 - Lancement de la stratégie 'Momentum' : ['GOOGL'] | 1000 | 1 | 30 | 90 | 2023-01-01 00:00:00 | 2025-01-11 00:00:00
2025-01-11 09:23:38,442 - Loading data from temp ... 
2025-01-11 09:23:38,458 - Lancement de la stratégie 'Momentum' : ['AAPL', 'GOOGL'] | 1000 | 2 | 30 | 90 | 2023-01-01 00:00:00 | 2025-01-11 00:00:00
2025-01-11 09:23:38,790 - Loading data from temp ... 
2025-01-11 09:23:38,806 - Lancement de la stratégie 'Momentum' : ['AAPL', 'GOOGL', 'MSFT'] | 1000 | 3 | 30 | 90 | 2023-01-01 00:00:00 | 2025-01-11 00:00:00
2025-01-11 09:23:39,933 - Loading data from temp ... 
2025-01-11 09:23:39,949 - Lancement de la stratégie 'Momentum' : ['AAPL', 'GOOGL', 'MSFT', 'AMZN'] | 1000 | 3 | 30 | 90 | 2023-01-01 00:00:00 | 2025-01-11 00:00:00
2025-01-11 09:23:41,992 - Loading data from temp ... 
2025-01-11 09:23:42,016 - Lancement de la stratégie 'Momentum' : ['AAPL', 'GOOGL', 'MSFT', 'AMZN'] | 1000 | 3 | 30 | 90 | 2023-01-01 00:00:00 | 2025-01-11 00:00:00
2025-01-11 09:25:16,074 - Loading data from temp ... 
2025-01-11 09:25:16,091 - Lancement de la stratégie 'Momentum' : ['AAPL', 'GOOGL', 'MSFT', 'AMZN'] | 1000 | 3 | 30 | 90 | 2023-01-01 00:00:00 | 2025-01-11 00:00:00
2025-01-11 09:29:39,492 - Loading data from temp ... 
2025-01-11 09:29:39,509 - Lancement de la stratégie 'Momentum' : ['AAPL', 'GOOGL', 'MSFT', 'AMZN'] | 1000 | 3 | 30 | 90 | 2023-01-01 00:00:00 | 2025-01-11 00:00:00
2025-01-11 09:31:56,336 - Loading data from temp ... 
2025-01-11 09:31:56,353 - Lancement de la stratégie 'Momentum' : ['AAPL', 'GOOGL', 'MSFT', 'AMZN'] | 1000 | 3 | 30 | 90 | 2023-01-01 00:00:00 | 2025-01-11 00:00:00
2025-01-11 09:32:47,053 - Loading data from temp ... 
2025-01-11 09:32:47,070 - Lancement de la stratégie 'Momentum' : ['AAPL', 'GOOGL', 'MSFT', 'AMZN'] | 1000 | 3 | 30 | 90 | 2023-01-01 00:00:00 | 2025-01-11 00:00:00
2025-01-11 09:37:26,952 - Loading data from temp ... 
2025-01-11 09:37:26,968 - Lancement de la stratégie 'Momentum' : ['AAPL', 'GOOGL', 'MSFT', 'AMZN'] | 1000 | 3 | 30 | 90 | 2023-01-01 00:00:00 | 2025-01-11 00:00:00
2025-01-11 09:40:56,564 - Loading data from temp ... 
2025-01-11 09:40:56,580 - Lancement de la stratégie 'Momentum' : ['AAPL', 'GOOGL', 'MSFT', 'AMZN'] | 1000 | 3 | 30 | 90 | 2023-01-01 00:00:00 | 2025-01-11 00:00:00
2025-01-11 09:43:18,504 - Loading data from temp ... 
2025-01-11 09:43:18,521 - Lancement de la stratégie 'Momentum' : ['AAPL', 'GOOGL', 'MSFT', 'AMZN'] | 1000 | 3 | 30 | 90 | 2023-01-01 00:00:00 | 2025-01-11 00:00:00
2025-01-11 09:44:38,737 - Loading data from temp ... 
2025-01-11 09:44:38,770 - Lancement de la stratégie 'BuyAndHold' : ['AAPL', 'GOOGL', 'MSFT', 'AMZN'] | 1000 | 2023-01-01 00:00:00 | 2025-01-11 00:00:00
2025-01-11 09:44:39,987 - Loading data from temp ... 
2025-01-11 09:44:40,004 - Lancement de la stratégie 'BuyAndHold' : ['AAPL', 'GOOGL', 'MSFT', 'AMZN'] | 1000 | 2023-01-01 00:00:00 | 2025-01-11 00:00:00
2025-01-11 09:45:07,485 - Loading data from temp ... 
2025-01-11 09:45:07,493 - Lancement de la stratégie 'BuyAndHold' : ['AAPL', 'GOOGL', 'MSFT', 'AMZN'] | 1000 | 2023-01-01 00:00:00 | 2025-01-11 00:00:00
2025-01-11 09:45:47,819 - Loading data from temp ... 
2025-01-11 09:45:47,827 - Lancement de la stratégie 'BuyAndHold' : ['AAPL', 'GOOGL', 'MSFT', 'AMZN'] | 1000 | 2023-01-01 00:00:00 | 2025-01-11 00:00:00
2025-01-11 09:45:55,730 - Loading data from temp ... 
2025-01-11 09:45:55,746 - Lancement de la stratégie 'Momentum' : ['AAPL', 'GOOGL', 'MSFT', 'AMZN'] | 1000 | 3 | 30 | 90 | 2023-01-01 00:00:00 | 2025-01-11 00:00:00
2025-01-11 09:45:57,192 - Loading data from temp ... 
2025-01-11 09:45:57,217 - Lancement de la stratégie 'Momentum' : ['AAPL', 'GOOGL', 'MSFT', 'AMZN'] | 1000 | 3 | 30 | 90 | 2023-01-01 00:00:00 | 2025-01-11 00:00:00
2025-01-11 09:49:54,049 - Loading data from temp ... 
2025-01-11 09:49:54,066 - Lancement de la stratégie 'Momentum' : ['AAPL', 'GOOGL', 'MSFT', 'AMZN'] | 1000 | 3 | 30 | 90 | 2023-01-01 00:00:00 | 2025-01-11 00:00:00
2025-01-11 09:50:43,817 - Loading data from temp ... 
2025-01-11 09:50:43,833 - Lancement de la stratégie 'BuyAndHold' : ['AAPL', 'GOOGL', 'MSFT', 'AMZN'] | 1000 | 2023-01-01 00:00:00 | 2025-01-11 00:00:00
2025-01-11 09:50:45,964 - Loading data from temp ... 
2025-01-11 09:50:45,980 - Lancement de la stratégie 'BuyAndHold' : ['AAPL', 'GOOGL', 'MSFT', 'AMZN'] | 1000 | 2023-01-01 00:00:00 | 2025-01-11 00:00:00
2025-01-11 09:51:01,721 - Loading data from temp ... 
2025-01-11 09:51:01,737 - Lancement de la stratégie 'Momentum' : ['AAPL', 'GOOGL', 'MSFT', 'AMZN'] | 1000 | 3 | 30 | 90 | 2023-01-01 00:00:00 | 2025-01-11 00:00:00
2025-01-11 09:51:03,268 - Loading data from temp ... 
2025-01-11 09:51:03,295 - Lancement de la stratégie 'Momentum' : ['AAPL', 'GOOGL', 'MSFT', 'AMZN'] | 1000 | 3 | 30 | 90 | 2023-01-01 00:00:00 | 2025-01-11 00:00:00
2025-01-11 09:54:34,371 - Loading data from temp ... 
2025-01-11 09:54:34,379 - Lancement de la stratégie 'BuyAndHold' : ['AAPL', 'GOOGL', 'MSFT', 'AMZN'] | 1000 | 2023-01-01 00:00:00 | 2025-01-11 00:00:00
2025-01-11 09:54:35,888 - Loading data from temp ... 
2025-01-11 09:54:35,904 - Lancement de la stratégie 'BuyAndHold' : ['AAPL', 'GOOGL', 'MSFT', 'AMZN'] | 1000 | 2023-01-01 00:00:00 | 2025-01-11 00:00:00
2025-01-11 09:57:05,422 - Loading data from temp ... 
2025-01-11 09:57:05,440 - Lancement de la stratégie 'BuyAndHold' : ['AAPL', 'GOOGL', 'MSFT', 'AMZN'] | 1000 | 2023-01-01 00:00:00 | 2025-01-11 00:00:00
2025-01-11 09:57:13,202 - Loading data from temp ... 
2025-01-11 09:57:13,218 - Lancement de la stratégie 'Momentum' : ['AAPL', 'GOOGL', 'MSFT', 'AMZN'] | 1000 | 3 | 30 | 90 | 2023-01-01 00:00:00 | 2025-01-11 00:00:00
2025-01-11 09:57:14,944 - Loading data from temp ... 
2025-01-11 09:57:14,960 - Lancement de la stratégie 'Momentum' : ['AAPL', 'GOOGL', 'MSFT', 'AMZN'] | 1000 | 3 | 30 | 90 | 2023-01-01 00:00:00 | 2025-01-11 00:00:00
2025-01-11 09:58:36,345 - Loading data from temp ... 
2025-01-11 09:58:36,362 - Lancement de la stratégie 'Momentum' : ['AAPL', 'GOOGL', 'MSFT', 'AMZN'] | 1000 | 3 | 30 | 90 | 2023-01-01 00:00:00 | 2025-01-11 00:00:00
2025-01-11 09:59:08,447 - 
1 Failed download:
2025-01-11 09:59:08,449 - ['MSFT']: ConnectionError(ReadTimeoutError("HTTPSConnectionPool(host='query2.finance.yahoo.com', port=443): Read timed out."))
2025-01-11 09:59:19,606 - 
1 Failed download:
2025-01-11 09:59:19,606 - ['AMZN']: ConnectionError(ReadTimeoutError("HTTPSConnectionPool(host='query2.finance.yahoo.com', port=443): Read timed out."))
2025-01-11 09:59:29,968 - 
1 Failed download:
2025-01-11 09:59:29,968 - ['GOOGL']: ReadTimeout(ReadTimeoutError("HTTPSConnectionPool(host='query2.finance.yahoo.com', port=443): Read timed out. (read timeout=10)"))
2025-01-11 09:59:41,239 - 
1 Failed download:
2025-01-11 09:59:41,239 - ['MSFT']: ReadTimeout(ReadTimeoutError("HTTPSConnectionPool(host='query2.finance.yahoo.com', port=443): Read timed out. (read timeout=10)"))
2025-01-11 09:59:47,159 - 
1 Failed download:
2025-01-11 09:59:47,159 - ['AMZN']: ConnectionError(ProtocolError('Connection aborted.', ConnectionResetError(10054, 'Une connexion existante a dû être fermée par lhôte distant', None, 10054, None)))
2025-01-11 10:04:45,942 - Loading data from temp ... 
2025-01-11 10:04:45,951 - Lancement de la stratégie 'Momentum' : ['AAPL', 'GOOGL', 'MSFT', 'AMZN'] | 1000 | 3 | 30 | 90 | 2023-01-01 00:00:00 | 2025-01-11 00:00:00
2025-01-11 10:07:11,129 - Loading data from temp ... 
2025-01-11 10:07:11,145 - Lancement de la stratégie 'Momentum' : ['AAPL', 'GOOGL', 'MSFT', 'AMZN'] | 1000 | 3 | 30 | 90 | 2023-01-01 00:00:00 | 2025-01-11 00:00:00
2025-01-11 10:10:45,044 - Loading data from temp ... 
2025-01-11 10:10:45,052 - Lancement de la stratégie 'Momentum' : ['AAPL', 'GOOGL', 'MSFT', 'AMZN'] | 1000 | 4 | 30 | 90 | 2023-01-01 00:00:00 | 2025-01-11 00:00:00
2025-01-11 10:10:45,206 - Loading data from temp ... 
2025-01-11 10:10:45,223 - Lancement de la stratégie 'Momentum' : ['AAPL', 'GOOGL', 'MSFT', 'AMZN'] | 1000 | 4 | 30 | 90 | 2023-01-01 00:00:00 | 2025-01-11 00:00:00
2025-01-11 10:15:24,230 - Loading data from temp ... 
2025-01-11 10:15:24,246 - Lancement de la stratégie 'Momentum' : ['AAPL', 'GOOGL', 'MSFT', 'AMZN'] | 1000 | 4 | 30 | 90 | 2023-01-01 00:00:00 | 2025-01-11 00:00:00
2025-01-11 10:19:18,563 - Loading data from temp ... 
2025-01-11 10:19:18,571 - Lancement de la stratégie 'Momentum' : ['AAPL', 'GOOGL', 'MSFT', 'AMZN'] | 1000 | 4 | 30 | 90 | 2023-01-01 00:00:00 | 2025-01-11 00:00:00
2025-01-11 10:19:24,414 - Loading data from temp ... 
2025-01-11 10:19:24,430 - Lancement de la stratégie 'Momentum' : ['AAPL', 'GOOGL', 'MSFT', 'AMZN'] | 1000 | 4 | 30 | 90 | 2024-01-01 00:00:00 | 2025-01-11 00:00:00
2025-01-11 10:19:27,119 - Loading data from temp ... 
2025-01-11 10:19:27,126 - Lancement de la stratégie 'Momentum' : ['AAPL', 'GOOGL', 'MSFT', 'AMZN'] | 1000 | 4 | 30 | 90 | 2024-01-01 00:00:00 | 2025-01-11 00:00:00
2025-01-11 10:19:32,736 - Loading data from temp ... 
2025-01-11 10:19:32,753 - Lancement de la stratégie 'Momentum' : ['AAPL', 'GOOGL', 'MSFT', 'AMZN'] | 1000 | 4 | 30 | 90 | 2023-01-01 00:00:00 | 2025-01-11 00:00:00
2025-01-11 10:19:33,937 - Loading data from temp ... 
2025-01-11 10:19:33,945 - Lancement de la stratégie 'Momentum' : ['AAPL', 'GOOGL', 'MSFT', 'AMZN'] | 1000 | 4 | 30 | 90 | 2023-01-01 00:00:00 | 2025-01-11 00:00:00
2025-01-11 10:21:54,760 - Loading data from temp ... 
2025-01-11 10:21:54,776 - Lancement de la stratégie 'BuyAndHold' : ['AAPL', 'GOOGL', 'MSFT', 'AMZN'] | 1000 | 2023-01-01 00:00:00 | 2025-01-11 00:00:00
2025-01-11 10:21:56,140 - Loading data from temp ... 
2025-01-11 10:21:56,164 - Lancement de la stratégie 'BuyAndHold' : ['AAPL', 'GOOGL', 'MSFT', 'AMZN'] | 1000 | 2023-01-01 00:00:00 | 2025-01-11 00:00:00
2025-01-11 10:22:07,007 - Loading data from temp ... 
2025-01-11 10:22:07,031 - Lancement de la stratégie 'Momentum' : ['AAPL', 'GOOGL', 'MSFT', 'AMZN'] | 1000 | 3 | 30 | 90 | 2023-01-01 00:00:00 | 2025-01-11 00:00:00
2025-01-11 10:22:10,859 - Loading data from temp ... 
2025-01-11 10:22:10,876 - Lancement de la stratégie 'Momentum' : ['AAPL', 'GOOGL', 'MSFT', 'AMZN'] | 1000 | 3 | 30 | 90 | 2023-01-01 00:00:00 | 2025-01-11 00:00:00
2025-01-11 10:23:44,048 - 
1 Failed download:
2025-01-11 10:23:44,048 - ['AAPL']: ConnectionError(ReadTimeoutError("HTTPSConnectionPool(host='query2.finance.yahoo.com', port=443): Read timed out."))
2025-01-11 10:26:37,325 - Loading data from temp ... 
2025-01-11 10:26:37,333 - Lancement de la stratégie 'Momentum' : ['AAPL', 'GOOGL', 'MSFT', 'AMZN'] | 1000 | 3 | 30 | 90 | 2023-01-01 00:00:00 | 2025-01-11 00:00:00
2025-01-11 10:28:33,328 - Loading data from temp ... 
2025-01-11 10:28:33,344 - Lancement de la stratégie 'Momentum' : ['AAPL', 'GOOGL', 'MSFT', 'AMZN'] | 1000 | 3 | 30 | 90 | 2024-01-01 00:00:00 | 2025-01-11 00:00:00
2025-01-11 10:28:35,562 - Loading data from temp ... 
2025-01-11 10:28:35,579 - Lancement de la stratégie 'Momentum' : ['AAPL', 'GOOGL', 'MSFT', 'AMZN'] | 1000 | 3 | 30 | 90 | 2024-01-01 00:00:00 | 2025-01-11 00:00:00
2025-01-11 14:27:56,703 - Loading data from temp ... 
2025-01-11 14:27:56,726 - Lancement de la stratégie 'BuyAndHold' : ['AAPL', 'GOOGL', 'MSFT', 'AMZN'] | 1000 | 2023-01-01 00:00:00 | 2025-01-11 00:00:00
2025-01-11 14:27:58,521 - Loading data from temp ... 
2025-01-11 14:27:58,532 - Lancement de la stratégie 'BuyAndHold' : ['AAPL', 'GOOGL', 'MSFT', 'AMZN'] | 1000 | 2023-01-01 00:00:00 | 2025-01-11 00:00:00
2025-01-11 14:28:09,619 - Loading data from temp ... 
2025-01-11 14:28:09,631 - Lancement de la stratégie 'BuyAndHold' : ['GOOGL', 'MSFT', 'AMZN'] | 1000 | 2023-01-01 00:00:00 | 2025-01-11 00:00:00
2025-01-11 14:28:10,821 - Loading data from temp ... 
2025-01-11 14:28:10,831 - Lancement de la stratégie 'BuyAndHold' : ['MSFT', 'AMZN'] | 1000 | 2023-01-01 00:00:00 | 2025-01-11 00:00:00
2025-01-11 14:28:11,633 - Loading data from temp ... 
2025-01-11 14:28:11,642 - Lancement de la stratégie 'BuyAndHold' : ['MSFT', 'AMZN'] | 1000 | 2023-01-01 00:00:00 | 2025-01-11 00:00:00
2025-01-11 14:28:14,565 - Loading data from temp ... 
2025-01-11 14:28:14,575 - Lancement de la stratégie 'BuyAndHold' : ['MSFT', 'AMZN'] | 1000 | 2023-01-01 00:00:00 | 2025-01-11 00:00:00
2025-01-11 14:28:17,525 - Loading data from temp ... 
2025-01-11 14:28:17,537 - Lancement de la stratégie 'BuyAndHold' : ['MSFT', 'AMZN', 'PYPL'] | 1000 | 2023-01-01 00:00:00 | 2025-01-11 00:00:00
2025-01-11 14:28:18,170 - Loading data from temp ... 
2025-01-11 14:28:18,184 - Lancement de la stratégie 'BuyAndHold' : ['MSFT', 'AMZN', 'TWTR', 'PYPL'] | 1000 | 2023-01-01 00:00:00 | 2025-01-11 00:00:00
2025-01-11 14:28:18,967 - Loading data from temp ... 
2025-01-11 14:28:18,977 - Lancement de la stratégie 'BuyAndHold' : ['MSFT', 'AMZN', 'DIS', 'TWTR', 'PYPL'] | 1000 | 2023-01-01 00:00:00 | 2025-01-11 00:00:00
2025-01-11 14:28:19,857 - Loading data from temp ... 
2025-01-11 14:28:19,869 - Lancement de la stratégie 'BuyAndHold' : ['MSFT', 'AMZN', 'ADBE', 'DIS', 'TWTR', 'PYPL'] | 1000 | 2023-01-01 00:00:00 | 2025-01-11 00:00:00
2025-01-11 14:28:20,883 - Loading data from temp ... 
2025-01-11 14:28:20,893 - Lancement de la stratégie 'BuyAndHold' : ['MSFT', 'AMZN', 'ADBE', 'DIS', 'TWTR', 'PYPL'] | 1000 | 2023-01-01 00:00:00 | 2025-01-11 00:00:00
2025-01-11 14:28:23,119 - 
1 Failed download:
2025-01-11 14:28:23,119 - ['TWTR']: YFTzMissingError('$%ticker%: possibly delisted; no timezone found')
2025-01-11 14:28:23,848 - 
1 Failed download:
2025-01-11 14:28:23,848 - ['TWTR']: YFTzMissingError('$%ticker%: possibly delisted; no timezone found')
2025-01-11 14:28:24,390 - 
1 Failed download:
2025-01-11 14:28:24,390 - ['TWTR']: YFTzMissingError('$%ticker%: possibly delisted; no timezone found')
2025-01-11 14:28:25,047 - Loading data from temp ... 
2025-01-11 14:28:25,060 - Lancement de la stratégie 'BuyAndHold' : ['MSFT', 'AMZN', 'DIS', 'TWTR', 'PYPL'] | 1000 | 2023-01-01 00:00:00 | 2025-01-11 00:00:00
2025-01-11 14:28:26,914 - Loading data from temp ... 
2025-01-11 14:28:26,923 - Lancement de la stratégie 'BuyAndHold' : ['MSFT', 'AMZN', 'DIS', 'TWTR', 'PYPL'] | 1000 | 2023-01-01 00:00:00 | 2025-01-11 00:00:00
2025-01-11 14:28:27,172 - 
1 Failed download:
2025-01-11 14:28:27,172 - ['TWTR']: YFTzMissingError('$%ticker%: possibly delisted; no timezone found')
2025-01-11 14:28:27,345 - 
1 Failed download:
2025-01-11 14:28:27,345 - ['TWTR']: YFTzMissingError('$%ticker%: possibly delisted; no timezone found')
2025-01-11 14:28:27,556 - 
1 Failed download:
2025-01-11 14:28:27,556 - ['TWTR']: YFTzMissingError('$%ticker%: possibly delisted; no timezone found')
2025-01-11 14:28:30,297 - Loading data from temp ... 
2025-01-11 14:28:30,312 - Lancement de la stratégie 'BuyAndHold' : ['MSFT', 'AMZN', 'ORCL', 'DIS', 'TWTR', 'PYPL'] | 1000 | 2023-01-01 00:00:00 | 2025-01-11 00:00:00
2025-01-11 14:28:30,772 - Loading data from temp ... 
2025-01-11 14:28:30,783 - Lancement de la stratégie 'BuyAndHold' : ['MSFT', 'AMZN', 'ORCL', 'INTC', 'DIS', 'TWTR', 'PYPL'] | 1000 | 2023-01-01 00:00:00 | 2025-01-11 00:00:00
2025-01-11 14:28:31,146 - Loading data from temp ... 
2025-01-11 14:28:31,157 - Lancement de la stratégie 'BuyAndHold' : ['MSFT', 'AMZN', 'ORCL', 'INTC', 'AMD', 'DIS', 'TWTR', 'PYPL'] | 1000 | 2023-01-01 00:00:00 | 2025-01-11 00:00:00
2025-01-11 14:28:32,647 - Loading data from temp ... 
2025-01-11 14:28:32,658 - Lancement de la stratégie 'BuyAndHold' : ['MSFT', 'AMZN', 'ORCL', 'INTC', 'AMD', 'DIS', 'TWTR', 'PYPL'] | 1000 | 2023-01-01 00:00:00 | 2025-01-11 00:00:00
2025-01-11 14:28:33,604 - 
1 Failed download:
2025-01-11 14:28:33,604 - ['TWTR']: YFTzMissingError('$%ticker%: possibly delisted; no timezone found')
2025-01-11 14:28:34,227 - 
1 Failed download:
2025-01-11 14:28:34,227 - ['TWTR']: YFTzMissingError('$%ticker%: possibly delisted; no timezone found')
2025-01-11 14:28:34,813 - 
1 Failed download:
2025-01-11 14:28:34,813 - ['TWTR']: YFTzMissingError('$%ticker%: possibly delisted; no timezone found')
2025-01-11 14:28:34,964 - Loading data from temp ... 
2025-01-11 14:28:34,977 - Lancement de la stratégie 'BuyAndHold' : ['MSFT', 'AMZN', 'ORCL', 'INTC', 'AMD', 'DIS', 'TWTR', 'PYPL'] | 1000 | 2023-01-01 00:00:00 | 2025-01-11 00:00:00
2025-01-11 14:28:35,483 - 
1 Failed download:
2025-01-11 14:28:35,483 - ['TWTR']: YFTzMissingError('$%ticker%: possibly delisted; no timezone found')
2025-01-11 14:28:35,745 - 
1 Failed download:
2025-01-11 14:28:35,745 - ['TWTR']: YFTzMissingError('$%ticker%: possibly delisted; no timezone found')
2025-01-11 14:28:36,018 - 
1 Failed download:
2025-01-11 14:28:36,018 - ['TWTR']: YFTzMissingError('$%ticker%: possibly delisted; no timezone found')
2025-01-11 14:28:39,285 - Loading data from temp ... 
2025-01-11 14:28:39,296 - Lancement de la stratégie 'BuyAndHold' : ['MSFT', 'AMZN', 'ORCL', 'INTC', 'DIS', 'TWTR', 'PYPL'] | 1000 | 2023-01-01 00:00:00 | 2025-01-11 00:00:00
2025-01-11 14:28:43,564 - Loading data from temp ... 
2025-01-11 14:28:43,577 - Lancement de la stratégie 'BuyAndHold' : ['MSFT', 'AMZN', 'ORCL', 'INTC', 'DIS', 'TWTR', 'PYPL'] | 1000 | 2023-01-01 00:00:00 | 2025-01-11 00:00:00
2025-01-11 14:28:43,974 - 
1 Failed download:
2025-01-11 14:28:43,974 - ['TWTR']: YFTzMissingError('$%ticker%: possibly delisted; no timezone found')
2025-01-11 14:28:44,219 - 
1 Failed download:
2025-01-11 14:28:44,219 - ['TWTR']: YFTzMissingError('$%ticker%: possibly delisted; no timezone found')
2025-01-11 14:28:44,484 - 
1 Failed download:
2025-01-11 14:28:44,484 - ['TWTR']: YFTzMissingError('$%ticker%: possibly delisted; no timezone found')
2025-01-11 14:28:57,533 - Loading data from temp ... 
2025-01-11 14:28:57,543 - Lancement de la stratégie 'BuyAndHold' : ['MSFT', 'AMZN', 'ORCL', 'INTC', 'DIS', 'TWTR', 'PYPL'] | 1000 | 2023-01-01 00:00:00 | 2025-01-11 00:00:00
2025-01-11 14:28:57,982 - 
1 Failed download:
2025-01-11 14:28:57,982 - ['TWTR']: YFTzMissingError('$%ticker%: possibly delisted; no timezone found')
2025-01-11 14:28:58,211 - 
1 Failed download:
2025-01-11 14:28:58,211 - ['TWTR']: YFTzMissingError('$%ticker%: possibly delisted; no timezone found')
2025-01-11 14:28:58,464 - 
1 Failed download:
2025-01-11 14:28:58,464 - ['TWTR']: YFTzMissingError('$%ticker%: possibly delisted; no timezone found')
2025-01-11 14:29:00,428 - Loading data from temp ... 
2025-01-11 14:29:00,440 - Lancement de la stratégie 'BuyAndHold' : ['MSFT', 'AMZN', 'ORCL', 'DIS', 'TWTR', 'PYPL'] | 1000 | 2023-01-01 00:00:00 | 2025-01-11 00:00:00
2025-01-11 14:29:01,296 - Loading data from temp ... 
2025-01-11 14:29:01,307 - Lancement de la stratégie 'BuyAndHold' : ['MSFT', 'AMZN', 'ORCL', 'DIS', 'TWTR', 'PYPL'] | 1000 | 2023-01-01 00:00:00 | 2025-01-11 00:00:00
2025-01-11 14:29:01,612 - 
1 Failed download:
2025-01-11 14:29:01,612 - ['TWTR']: YFTzMissingError('$%ticker%: possibly delisted; no timezone found')
2025-01-11 14:29:01,796 - 
1 Failed download:
2025-01-11 14:29:01,796 - ['TWTR']: YFTzMissingError('$%ticker%: possibly delisted; no timezone found')
2025-01-11 14:29:02,029 - 
1 Failed download:
2025-01-11 14:29:02,029 - ['TWTR']: YFTzMissingError('$%ticker%: possibly delisted; no timezone found')
2025-01-11 14:29:05,206 - Loading data from temp ... 
2025-01-11 14:29:05,218 - Lancement de la stratégie 'BuyAndHold' : ['MSFT', 'AMZN', 'DIS', 'TWTR', 'PYPL'] | 1000 | 2023-01-01 00:00:00 | 2025-01-11 00:00:00
2025-01-11 14:29:06,481 - Loading data from temp ... 
2025-01-11 14:29:06,492 - Lancement de la stratégie 'BuyAndHold' : ['MSFT', 'AMZN', 'DIS', 'TWTR', 'PYPL'] | 1000 | 2023-01-01 00:00:00 | 2025-01-11 00:00:00
2025-01-11 14:29:06,746 - 
1 Failed download:
2025-01-11 14:29:06,746 - ['TWTR']: YFTzMissingError('$%ticker%: possibly delisted; no timezone found')
2025-01-11 14:29:06,901 - 
1 Failed download:
2025-01-11 14:29:06,901 - ['TWTR']: YFTzMissingError('$%ticker%: possibly delisted; no timezone found')
2025-01-11 14:29:07,099 - 
1 Failed download:
2025-01-11 14:29:07,099 - ['TWTR']: YFTzMissingError('$%ticker%: possibly delisted; no timezone found')
2025-01-11 14:29:10,364 - Loading data from temp ... 
2025-01-11 14:29:10,374 - Lancement de la stratégie 'BuyAndHold' : ['MSFT', 'AMZN', 'TWTR', 'PYPL'] | 1000 | 2023-01-01 00:00:00 | 2025-01-11 00:00:00
2025-01-11 14:29:11,463 - Loading data from temp ... 
2025-01-11 14:29:11,473 - Lancement de la stratégie 'BuyAndHold' : ['MSFT', 'AMZN', 'TWTR', 'PYPL'] | 1000 | 2023-01-01 00:00:00 | 2025-01-11 00:00:00
2025-01-11 14:29:11,634 - 
1 Failed download:
2025-01-11 14:29:11,634 - ['TWTR']: YFTzMissingError('$%ticker%: possibly delisted; no timezone found')
2025-01-11 14:29:11,771 - 
1 Failed download:
2025-01-11 14:29:11,771 - ['TWTR']: YFTzMissingError('$%ticker%: possibly delisted; no timezone found')
2025-01-11 14:29:11,958 - 
1 Failed download:
2025-01-11 14:29:11,958 - ['TWTR']: YFTzMissingError('$%ticker%: possibly delisted; no timezone found')
2025-01-11 14:29:17,975 - Loading data from temp ... 
2025-01-11 14:29:17,986 - Lancement de la stratégie 'BuyAndHold' : ['MSFT', 'AMZN', 'PYPL'] | 1000 | 2023-01-01 00:00:00 | 2025-01-11 00:00:00
2025-01-11 14:29:18,660 - Loading data from temp ... 
2025-01-11 14:29:18,670 - Lancement de la stratégie 'BuyAndHold' : ['MSFT', 'AMZN', 'PYPL'] | 1000 | 2023-01-01 00:00:00 | 2025-01-11 00:00:00
2025-01-11 14:29:31,569 - Loading data from temp ... 
2025-01-11 14:29:31,582 - Lancement de la stratégie 'BuyAndHold' : ['MSFT', 'AMZN', 'TSLA', 'PYPL'] | 1000 | 2023-01-01 00:00:00 | 2025-01-11 00:00:00
2025-01-11 14:29:31,906 - Loading data from temp ... 
2025-01-11 14:29:31,921 - Lancement de la stratégie 'BuyAndHold' : ['MSFT', 'AMZN', 'TSLA', 'HO.PA', 'PYPL'] | 1000 | 2023-01-01 00:00:00 | 2025-01-11 00:00:00
2025-01-11 14:29:32,103 - Loading data from temp ... 
2025-01-11 14:29:32,120 - Lancement de la stratégie 'BuyAndHold' : ['MSFT', 'AMZN', 'TSLA', 'HO.PA', 'META', 'PYPL'] | 1000 | 2023-01-01 00:00:00 | 2025-01-11 00:00:00
2025-01-11 14:29:33,236 - Loading data from temp ... 
2025-01-11 14:29:33,248 - Lancement de la stratégie 'BuyAndHold' : ['MSFT', 'AMZN', 'TSLA', 'HO.PA', 'META', 'PYPL'] | 1000 | 2023-01-01 00:00:00 | 2025-01-11 00:00:00
2025-01-11 14:29:39,499 - Loading data from temp ... 
2025-01-11 14:29:39,509 - Lancement de la stratégie 'BuyAndHold' : ['AAPL', 'MSFT', 'AMZN', 'TSLA', 'HO.PA', 'META', 'PYPL'] | 1000 | 2023-01-01 00:00:00 | 2025-01-11 00:00:00
2025-01-11 14:29:41,423 - Loading data from temp ... 
2025-01-11 14:29:41,433 - Lancement de la stratégie 'BuyAndHold' : ['AAPL', 'GOOGL', 'MSFT', 'AMZN', 'TSLA', 'HO.PA', 'META', 'PYPL'] | 1000 | 2023-01-01 00:00:00 | 2025-01-11 00:00:00
2025-01-11 14:29:42,029 - Loading data from temp ... 
2025-01-11 14:29:42,039 - Lancement de la stratégie 'BuyAndHold' : ['AAPL', 'GOOGL', 'MSFT', 'AMZN', 'TSLA', 'HO.PA', 'META', 'NFLX', 'PYPL'] | 1000 | 2023-01-01 00:00:00 | 2025-01-11 00:00:00
2025-01-11 14:29:43,416 - Loading data from temp ... 
2025-01-11 14:29:43,427 - Lancement de la stratégie 'BuyAndHold' : ['AAPL', 'GOOGL', 'MSFT', 'AMZN', 'TSLA', 'HO.PA', 'META', 'NFLX', 'PYPL'] | 1000 | 2023-01-01 00:00:00 | 2025-01-11 00:00:00
2025-01-11 14:29:48,809 - Loading data from temp ... 
2025-01-11 14:29:48,821 - Lancement de la stratégie 'BuyAndHold' : ['AAPL', 'GOOGL', 'MSFT', 'AMZN', 'TSLA', 'HO.PA', 'META', 'NFLX', 'NVDA', 'PYPL'] | 1000 | 2023-01-01 00:00:00 | 2025-01-11 00:00:00
2025-01-11 14:29:51,649 - Loading data from temp ... 
2025-01-11 14:29:51,659 - Lancement de la stratégie 'BuyAndHold' : ['AAPL', 'GOOGL', 'MSFT', 'AMZN', 'TSLA', 'HO.PA', 'META', 'NFLX', 'NVDA', 'PYPL'] | 1000 | 2023-01-01 00:00:00 | 2025-01-11 00:00:00
2025-01-11 14:29:54,718 - Loading data from temp ... 
2025-01-11 14:29:54,729 - Lancement de la stratégie 'BuyAndHold' : ['AAPL', 'GOOGL', 'MSFT', 'AMZN', 'TSLA', 'HO.PA', 'META', 'NFLX', 'NVDA', 'BABA', 'PYPL'] | 1000 | 2023-01-01 00:00:00 | 2025-01-11 00:00:00
2025-01-11 14:29:55,845 - Loading data from temp ... 
2025-01-11 14:29:55,858 - Lancement de la stratégie 'BuyAndHold' : ['AAPL', 'GOOGL', 'MSFT', 'AMZN', 'TSLA', 'HO.PA', 'META', 'NFLX', 'NVDA', 'BABA', 'PYPL'] | 1000 | 2023-01-01 00:00:00 | 2025-01-11 00:00:00
2025-01-11 14:30:00,897 - Loading data from temp ... 
2025-01-11 14:30:00,907 - Lancement de la stratégie 'BuyAndHold' : ['AAPL', 'GOOGL', 'MSFT', 'AMZN', 'TSLA', 'HO.PA', 'META', 'NFLX', 'NVDA', 'BABA', 'ORCL', 'PYPL'] | 1000 | 2023-01-01 00:00:00 | 2025-01-11 00:00:00
2025-01-11 14:30:01,482 - Loading data from temp ... 
2025-01-11 14:30:01,497 - Lancement de la stratégie 'BuyAndHold' : ['AAPL', 'GOOGL', 'MSFT', 'AMZN', 'TSLA', 'HO.PA', 'META', 'NFLX', 'NVDA', 'BABA', 'ORCL', 'INTC', 'PYPL'] | 1000 | 2023-01-01 00:00:00 | 2025-01-11 00:00:00
2025-01-11 14:30:02,379 - Loading data from temp ... 
2025-01-11 14:30:02,390 - Lancement de la stratégie 'BuyAndHold' : ['AAPL', 'GOOGL', 'MSFT', 'AMZN', 'TSLA', 'HO.PA', 'META', 'NFLX', 'NVDA', 'BABA', 'ORCL', 'INTC', 'AMD', 'PYPL'] | 1000 | 2023-01-01 00:00:00 | 2025-01-11 00:00:00
2025-01-11 14:30:04,423 - Loading data from temp ... 
2025-01-11 14:30:04,433 - Lancement de la stratégie 'BuyAndHold' : ['AAPL', 'GOOGL', 'MSFT', 'AMZN', 'TSLA', 'HO.PA', 'META', 'NFLX', 'NVDA', 'BABA', 'ORCL', 'INTC', 'AMD', 'PYPL'] | 1000 | 2023-01-01 00:00:00 | 2025-01-11 00:00:00
2025-01-11 14:30:09,872 - Loading data from temp ... 
2025-01-11 14:30:09,882 - Lancement de la stratégie 'BuyAndHold' : ['AAPL', 'GOOGL', 'MSFT', 'AMZN', 'TSLA', 'HO.PA', 'META', 'NFLX', 'NVDA', 'BABA', 'ORCL', 'INTC', 'AMD', 'CRM', 'PYPL'] | 1000 | 2023-01-01 00:00:00 | 2025-01-11 00:00:00
2025-01-11 14:30:10,920 - Loading data from temp ... 
2025-01-11 14:30:10,931 - Lancement de la stratégie 'BuyAndHold' : ['AAPL', 'GOOGL', 'MSFT', 'AMZN', 'TSLA', 'HO.PA', 'META', 'NFLX', 'NVDA', 'BABA', 'ORCL', 'INTC', 'AMD', 'CRM', 'SHOP', 'PYPL'] | 1000 | 2023-01-01 00:00:00 | 2025-01-11 00:00:00
2025-01-11 14:30:12,147 - Loading data from temp ... 
2025-01-11 14:30:12,158 - Lancement de la stratégie 'BuyAndHold' : ['AAPL', 'GOOGL', 'MSFT', 'AMZN', 'TSLA', 'HO.PA', 'META', 'NFLX', 'NVDA', 'BABA', 'ORCL', 'INTC', 'AMD', 'CRM', 'SHOP', 'ADBE', 'PYPL'] | 1000 | 2023-01-01 00:00:00 | 2025-01-11 00:00:00
2025-01-11 14:30:13,240 - Loading data from temp ... 
2025-01-11 14:30:13,251 - Lancement de la stratégie 'BuyAndHold' : ['AAPL', 'GOOGL', 'MSFT', 'AMZN', 'TSLA', 'HO.PA', 'META', 'NFLX', 'NVDA', 'BABA', 'ORCL', 'INTC', 'AMD', 'CRM', 'SHOP', 'ADBE', 'PYPL'] | 1000 | 2023-01-01 00:00:00 | 2025-01-11 00:00:00
2025-01-11 14:30:22,741 - Loading data from temp ... 
2025-01-11 14:30:22,753 - Lancement de la stratégie 'BuyAndHold' : ['AAPL', 'GOOGL', 'MSFT', 'AMZN', 'TSLA', 'HO.PA', 'META', 'NFLX', 'NVDA', 'BABA', 'ORCL', 'INTC', 'AMD', 'CRM', 'SHOP', 'ADBE', 'DIS', 'PYPL'] | 1000 | 2023-01-01 00:00:00 | 2025-01-11 00:00:00
2025-01-11 14:30:23,232 - Loading data from temp ... 
2025-01-11 14:30:23,247 - Lancement de la stratégie 'BuyAndHold' : ['AAPL', 'GOOGL', 'MSFT', 'AMZN', 'TSLA', 'HO.PA', 'META', 'NFLX', 'NVDA', 'BABA', 'ORCL', 'INTC', 'AMD', 'CRM', 'SHOP', 'ADBE', 'DIS', 'TWTR', 'PYPL'] | 1000 | 2023-01-01 00:00:00 | 2025-01-11 00:00:00
2025-01-11 14:30:23,930 - Loading data from temp ... 
2025-01-11 14:30:23,941 - Lancement de la stratégie 'BuyAndHold' : ['AAPL', 'GOOGL', 'MSFT', 'AMZN', 'TSLA', 'HO.PA', 'META', 'NFLX', 'NVDA', 'BABA', 'ORCL', 'INTC', 'AMD', 'CRM', 'SHOP', 'ADBE', 'DIS', 'TWTR', 'PYPL', 'SQ'] | 1000 | 2023-01-01 00:00:00 | 2025-01-11 00:00:00
2025-01-11 14:30:24,851 - Loading data from temp ... 
2025-01-11 14:30:24,860 - Lancement de la stratégie 'BuyAndHold' : ['AAPL', 'GOOGL', 'MSFT', 'AMZN', 'TSLA', 'HO.PA', 'META', 'NFLX', 'NVDA', 'BABA', 'ORCL', 'INTC', 'AMD', 'CRM', 'SHOP', 'ADBE', 'DIS', 'TWTR', 'PYPL', 'SQ'] | 1000 | 2023-01-01 00:00:00 | 2025-01-11 00:00:00
2025-01-11 14:30:26,056 - 
1 Failed download:
2025-01-11 14:30:26,056 - ['TWTR']: YFTzMissingError('$%ticker%: possibly delisted; no timezone found')
2025-01-11 14:30:26,768 - 
1 Failed download:
2025-01-11 14:30:26,768 - ['TWTR']: YFTzMissingError('$%ticker%: possibly delisted; no timezone found')
2025-01-11 14:30:27,429 - 
1 Failed download:
2025-01-11 14:30:27,429 - ['TWTR']: YFTzMissingError('$%ticker%: possibly delisted; no timezone found')
2025-01-11 14:30:29,290 - Loading data from temp ... 
2025-01-11 14:30:29,300 - Lancement de la stratégie 'BuyAndHold' : ['AAPL', 'GOOGL', 'MSFT', 'AMZN', 'TSLA', 'HO.PA', 'META', 'NFLX', 'NVDA', 'BABA', 'ORCL', 'INTC', 'AMD', 'CRM', 'SHOP', 'ADBE', 'DIS', 'TWTR', 'PYPL'] | 1000 | 2023-01-01 00:00:00 | 2025-01-11 00:00:00
2025-01-11 14:30:30,127 - Loading data from temp ... 
2025-01-11 14:30:30,136 - Lancement de la stratégie 'BuyAndHold' : ['AAPL', 'GOOGL', 'MSFT', 'AMZN', 'TSLA', 'HO.PA', 'META', 'NFLX', 'NVDA', 'BABA', 'ORCL', 'INTC', 'AMD', 'CRM', 'SHOP', 'ADBE', 'DIS', 'TWTR', 'PYPL'] | 1000 | 2023-01-01 00:00:00 | 2025-01-11 00:00:00
2025-01-11 14:30:31,329 - 
1 Failed download:
2025-01-11 14:30:31,329 - ['TWTR']: YFTzMissingError('$%ticker%: possibly delisted; no timezone found')
2025-01-11 14:30:31,897 - 
1 Failed download:
2025-01-11 14:30:31,897 - ['TWTR']: YFTzMissingError('$%ticker%: possibly delisted; no timezone found')
2025-01-11 14:30:32,557 - 
1 Failed download:
2025-01-11 14:30:32,557 - ['TWTR']: YFTzMissingError('$%ticker%: possibly delisted; no timezone found')
2025-01-11 14:30:34,581 - Loading data from temp ... 
2025-01-11 14:30:34,590 - Lancement de la stratégie 'BuyAndHold' : ['AAPL', 'GOOGL', 'MSFT', 'AMZN', 'TSLA', 'HO.PA', 'META', 'NFLX', 'NVDA', 'BABA', 'ORCL', 'INTC', 'AMD', 'CRM', 'SHOP', 'ADBE', 'DIS', 'PYPL'] | 1000 | 2023-01-01 00:00:00 | 2025-01-11 00:00:00
2025-01-11 14:30:35,106 - Loading data from temp ... 
2025-01-11 14:30:35,116 - Lancement de la stratégie 'BuyAndHold' : ['AAPL', 'GOOGL', 'MSFT', 'AMZN', 'TSLA', 'HO.PA', 'META', 'NFLX', 'NVDA', 'BABA', 'ORCL', 'INTC', 'AMD', 'CRM', 'SHOP', 'ADBE', 'DIS', 'PYPL'] | 1000 | 2023-01-01 00:00:00 | 2025-01-11 00:00:00
2025-01-11 14:31:12,817 - Loading data from temp ... 
2025-01-11 14:31:14,818 - Loading data from temp ... 
2025-01-11 14:31:16,941 - Loading data from temp ... 
2025-01-11 14:31:16,951 - Lancement de la stratégie 'Momentum' : ['AAPL'] | 1000 | 1 | 30 | 90 | 2023-01-01 00:00:00 | 2025-01-11 00:00:00
2025-01-11 14:31:17,148 - Loading data from temp ... 
2025-01-11 14:31:17,163 - Lancement de la stratégie 'Momentum' : ['AAPL', 'GOOGL'] | 1000 | 2 | 30 | 90 | 2023-01-01 00:00:00 | 2025-01-11 00:00:00
2025-01-11 14:31:17,675 - Loading data from temp ... 
2025-01-11 14:31:17,686 - Lancement de la stratégie 'Momentum' : ['AAPL', 'GOOGL', 'MSFT'] | 1000 | 3 | 30 | 90 | 2023-01-01 00:00:00 | 2025-01-11 00:00:00
2025-01-11 14:31:17,963 - Loading data from temp ... 
2025-01-11 14:31:17,973 - Lancement de la stratégie 'Momentum' : ['AAPL', 'GOOGL', 'MSFT', 'AMZN'] | 1000 | 3 | 30 | 90 | 2023-01-01 00:00:00 | 2025-01-11 00:00:00
2025-01-11 14:31:20,119 - Loading data from temp ... 
2025-01-11 14:31:20,130 - Lancement de la stratégie 'Momentum' : ['AAPL', 'GOOGL', 'MSFT', 'AMZN'] | 1000 | 3 | 30 | 90 | 2023-01-01 00:00:00 | 2025-01-11 00:00:00
2025-01-11 14:44:02,150 - Loading data from temp ... 
2025-01-11 14:44:02,188 - Lancement de la stratégie 'BuyAndHold' : ['AAPL', 'GOOGL', 'MSFT', 'AMZN'] | 1000 | 2023-01-01 00:00:00 | 2025-01-11 00:00:00
2025-01-11 14:44:03,676 - Loading data from temp ... 
2025-01-11 14:44:03,687 - Lancement de la stratégie 'BuyAndHold' : ['AAPL', 'GOOGL', 'MSFT', 'AMZN'] | 1000 | 2023-01-01 00:00:00 | 2025-01-11 00:00:00
2025-01-11 14:44:06,713 - Loading data from temp ... 
2025-01-11 14:44:06,725 - Lancement de la stratégie 'BuyAndHold' : ['AAPL', 'GOOGL', 'MSFT', 'AMZN'] | 1000 | 2023-01-01 00:00:00 | 2025-01-11 00:00:00
2025-01-11 14:44:24,991 - Loading data from temp ... 
2025-01-11 14:44:25,001 - Lancement de la stratégie 'BuyAndHold' : ['AAPL', 'GOOGL', 'MSFT', 'AMZN'] | 1000 | 2023-01-01 00:00:00 | 2025-01-11 00:00:00
2025-01-11 14:46:09,318 - Loading data from temp ... 
2025-01-11 14:46:11,927 - Loading data from temp ... 
2025-01-11 14:46:11,941 - Lancement de la stratégie 'BuyAndHold' : ['AAPL'] | 1000 | 2023-01-01 00:00:00 | 2025-01-11 00:00:00
2025-01-11 14:46:12,119 - Loading data from temp ... 
2025-01-11 14:46:12,129 - Lancement de la stratégie 'BuyAndHold' : ['AAPL', 'GOOGL'] | 1000 | 2023-01-01 00:00:00 | 2025-01-11 00:00:00
2025-01-11 14:46:12,910 - Loading data from temp ... 
2025-01-11 14:46:12,923 - Lancement de la stratégie 'BuyAndHold' : ['AAPL', 'GOOGL'] | 1000 | 2023-01-01 00:00:00 | 2025-01-11 00:00:00
2025-01-11 14:46:21,406 - Loading data from temp ... 
2025-01-11 14:46:21,418 - Lancement de la stratégie 'Momentum' : ['AAPL', 'GOOGL'] | 1000 | 2 | 30 | 90 | 2023-01-01 00:00:00 | 2025-01-11 00:00:00
2025-01-11 14:46:23,313 - Loading data from temp ... 
2025-01-11 14:46:23,332 - Lancement de la stratégie 'Momentum' : ['AAPL', 'GOOGL'] | 1000 | 2 | 30 | 90 | 2023-01-01 00:00:00 | 2025-01-11 00:00:00
